Server running at :21287
Server running at :21287
Server running at :21287
Server running at :21288
Server running at :21288
Server running at :21288
gordin
gordin
gordin
gordin
Server running at :21288
gordin
Server running at :21288
gordin
gordin
Server running at :21288
gordin
servidor rodando em localhost:3000
servidor rodando em localhost:21288
um usuario conectou
usuario desconectou
servidor rodando em localhost:21288
um usuario conectou
servidor rodando em localhost:21288
um usuario conectou
usuario desconectou
um usuario conectou
usuario desconectou
servidor rodando em localhost:21288
um usuario conectou
servidor rodando em localhost:21288
um usuario conectou
usuario desconectou
um usuario conectou
message: 2/2/79h/down
message: 2/1/79h/up
um usuario conectou
message: 2/2/awn/down
message: 2/3/awn/down
message: 2/2/awn/up
message: 3/2/awn/right
message: 3/1/awn/up
usuario desconectou
message: 2/0/79h/up
message: 3/0/79h/right
message: 2/0/79h/left
message: 2/1/79h/down
message: 2/2/79h/down
message: 3/2/79h/right
usuario desconectou
um usuario conectou
message: 2/2/uyu/down
message: 3/2/uyu/right
message: 2/2/uyu/left
um usuario conectou
message: 2/3/njw/down
message: 1/3/njw/left
message: 1/2/njw/up
usuario desconectou
message: 3/2/uyu/right
message: 2/2/uyu/left
message: 2/3/uyu/down
message: 1/3/uyu/left
message: 2/3/uyu/right
message: 2/2/uyu/up
usuario desconectou
um usuario conectou
message: 2/2/fnm/down
message: 1/2/fnm/left
message: 2/2/fnm/right
um usuario conectou
message: 2/3/tyk/down
message: 1/3/tyk/left
message: 1/2/tyk/up
um usuario conectou
message: 2/3/zmm/down
message: 1/3/zmm/left
usuario desconectou
um usuario conectou
message: 2/3/cgi/down
message: 1/3/cgi/left
message: 2/3/cgi/right
message: 1/3/cgi/left
message: 2/3/cgi/right
message: 1/3/cgi/left
message: 2/3/cgi/right
message: 1/3/cgi/left
message: 0/3/cgi/left
message: 0/4/cgi/down
message: 1/4/cgi/right
message: 2/4/cgi/right
message: 2/3/cgi/up
usuario desconectou
usuario desconectou
usuario desconectou
um usuario conectou
message: 2/2/gsc/down
um usuario conectou
message: 2/3/ksl/down
usuario desconectou
message: 2/1/gsc/up
message: 2/2/gsc/down
usuario desconectou
um usuario conectou
message: 2/2/xz0/down
um usuario conectou
message: 2/3/ggk/down
message: 1/3/ggk/left
message: 2/3/ggk/right
usuario desconectou
usuario desconectou
um usuario conectou
message: 2/2/v3w/down
um usuario conectou
message: 2/3/6hz/down
message: 1/3/6hz/left
message: 2/3/6hz/right
usuario desconectou
usuario desconectou
um usuario conectou
message: 2/2/87a/down
um usuario conectou
message: 2/3/2oo/down
message: 1/3/2oo/left
message: 1/2/2oo/up
usuario desconectou
usuario desconectou
um usuario conectou
message: 2/3/87aszf/down
usuario desconectou
um usuario conectou
message: 2/2/i9h/down
um usuario conectou
message: 2/3/z8k/down
message: 1/3/z8k/left
usuario desconectou
usuario desconectou
um usuario conectou
message: 2/2/f65/down
um usuario conectou
message: 2/3/2wm/down
usuario desconectou
um usuario conectou
message: 2/3/bbi/down
message: 1/3/bbi/left
message: 1/2/bbi/up
usuario desconectou
usuario desconectou
um usuario conectou
message: 2/2/tv9/down
um usuario conectou
message: 2/3/46b/down
usuario desconectou
usuario desconectou
um usuario conectou
message: 2/2/nd2/down
um usuario conectou
message: 2/3/33k/down
message: 1/3/33k/left
message: 1/2/33k/up
usuario desconectou
usuario desconectou
um usuario conectou
message: 2/2/hrd/down
message: 2/3/hrd/down
message: 2/4/hrd/down
message: 1/4/hrd/left
message: 1/3/hrd/up
message: 1/2/hrd/up
message: 2/2/hrd/right
message: 3/2/hrd/right
message: 3/1/hrd/up
message: 3/0/hrd/up
message: 3/1/hrd/down
message: 3/2/hrd/down
message: 4/2/hrd/right
message: 4/3/hrd/down
message: 4/4/hrd/down
message: 4/3/hrd/up
message: 4/2/hrd/up
message: 3/2/hrd/left
message: 2/2/hrd/left
message: 2/1/hrd/up
message: 2/0/hrd/up
message: 2/1/hrd/down
message: 2/2/hrd/down
message: 1/2/hrd/left
message: 1/3/hrd/down
message: 0/3/hrd/left
message: 0/4/hrd/down
message: 1/4/hrd/right
message: 2/4/hrd/right
message: 2/3/hrd/up
message: 2/2/hrd/up
message: 3/2/hrd/right
message: 4/2/hrd/right
message: 4/3/hrd/down
message: 4/4/hrd/down
message: 4/3/hrd/up
message: 4/2/hrd/up
message: 3/2/hrd/left
message: 3/1/hrd/up
message: 3/0/hrd/up
message: 2/0/hrd/left
message: 2/1/hrd/down
message: 2/2/hrd/down
message: 1/2/hrd/left
message: 1/3/hrd/down
message: 0/3/hrd/left
message: 0/4/hrd/down
message: 1/4/hrd/right
message: 2/4/hrd/right
message: 2/3/hrd/up
message: 2/2/hrd/up
message: 3/2/hrd/right
message: 4/2/hrd/right
message: 4/3/hrd/down
message: 4/4/hrd/down
message: 4/3/hrd/up
message: 4/2/hrd/up
message: 4/1/hrd/up
message: 3/1/hrd/left
message: 3/0/hrd/up
message: 2/0/hrd/left
message: 2/1/hrd/down
message: 2/2/hrd/down
message: 1/2/hrd/left
message: 1/3/hrd/down
message: 0/3/hrd/left
message: 0/4/hrd/down
message: 1/4/hrd/right
message: 2/4/hrd/right
message: 2/3/hrd/up
message: 2/2/hrd/up
message: 3/2/hrd/right
message: 4/2/hrd/right
message: 4/3/hrd/down
message: 4/4/hrd/down
message: 4/3/hrd/up
message: 4/2/hrd/up
message: 3/2/hrd/left
message: 3/1/hrd/up
message: 3/0/hrd/up
message: 2/0/hrd/left
message: 2/1/hrd/down
message: 2/2/hrd/down
message: 2/3/hrd/down
message: 1/3/hrd/left
message: 1/2/hrd/up
message: 1/3/hrd/down
message: 0/3/hrd/left
message: 0/4/hrd/down
message: 1/4/hrd/right
message: 1/3/hrd/up
message: 1/2/hrd/up
message: 2/2/hrd/right
message: 2/3/hrd/down
message: 1/3/hrd/left
message: 2/3/hrd/right
message: 2/4/hrd/down
message: 2/3/hrd/up
message: 2/2/hrd/up
message: 2/1/hrd/up
message: 3/1/hrd/right
message: 4/1/hrd/right
message: 4/2/hrd/down
message: 4/3/hrd/down
message: 4/4/hrd/down
message: 4/3/hrd/up
message: 4/2/hrd/up
message: 4/1/hrd/up
message: 3/1/hrd/left
message: 3/0/hrd/up
message: 2/0/hrd/left
message: 2/1/hrd/down
message: 2/2/hrd/down
message: 1/2/hrd/left
message: 1/3/hrd/down
message: 0/3/hrd/left
message: 0/4/hrd/down
message: 1/4/hrd/right
message: 1/3/hrd/up
message: 2/3/hrd/right
message: 2/2/hrd/up
message: 2/1/hrd/up
message: 2/0/hrd/up
message: 3/0/hrd/right
message: 3/1/hrd/down
message: 3/2/hrd/down
message: 3/1/hrd/up
message: 4/1/hrd/right
message: 4/2/hrd/down
message: 4/3/hrd/down
message: 4/2/hrd/up
message: 3/2/hrd/left
message: 2/2/hrd/left
message: 2/3/hrd/down
message: 2/2/hrd/up
message: 2/1/hrd/up
message: 3/1/hrd/right
message: 4/1/hrd/right
message: 4/2/hrd/down
message: 4/3/hrd/down
message: 4/4/hrd/down
message: 4/3/hrd/up
message: 4/2/hrd/up
message: 3/2/hrd/left
message: 2/2/hrd/left
message: 1/2/hrd/left
message: 1/3/hrd/down
message: 0/3/hrd/left
message: 0/4/hrd/down
message: 1/4/hrd/right
message: 1/3/hrd/up
message: 1/2/hrd/up
message: 2/2/hrd/right
message: 3/2/hrd/right
message: 4/2/hrd/right
message: 4/1/hrd/up
message: 3/1/hrd/left
message: 3/0/hrd/up
message: 2/0/hrd/left
message: 2/1/hrd/down
message: 2/2/hrd/down
message: 2/3/hrd/down
message: 2/4/hrd/down
message: 1/4/hrd/left
message: 0/4/hrd/left
message: 0/3/hrd/up
message: 1/3/hrd/right
message: 1/2/hrd/up
message: 2/2/hrd/right
message: 2/1/hrd/up
message: 3/1/hrd/right
message: 3/0/hrd/up
message: 2/0/hrd/left
message: 2/1/hrd/down
message: 3/1/hrd/right
message: 4/1/hrd/right
message: 4/2/hrd/down
message: 4/3/hrd/down
message: 4/4/hrd/down
message: 4/3/hrd/up
message: 4/2/hrd/up
message: 4/1/hrd/up
message: 3/1/hrd/left
message: 3/0/hrd/up
message: 2/0/hrd/left
message: 2/1/hrd/down
message: 2/2/hrd/down
message: 1/2/hrd/left
message: 1/3/hrd/down
message: 0/3/hrd/left
message: 0/4/hrd/down
message: 1/4/hrd/right
message: 2/4/hrd/right
message: 2/3/hrd/up
message: 2/2/hrd/up
message: 3/2/hrd/right
message: 4/2/hrd/right
message: 4/3/hrd/down
message: 4/4/hrd/down
message: 4/3/hrd/up
message: 4/2/hrd/up
message: 4/1/hrd/up
message: 3/1/hrd/left
message: 3/0/hrd/up
message: 2/0/hrd/left
message: 2/1/hrd/down
message: 2/2/hrd/down
message: 1/2/hrd/left
message: 1/3/hrd/down
message: 0/3/hrd/left
message: 0/4/hrd/down
message: 1/4/hrd/right
message: 2/4/hrd/right
message: 2/3/hrd/up
message: 2/2/hrd/up
message: 3/2/hrd/right
message: 4/2/hrd/right
message: 4/3/hrd/down
message: 4/4/hrd/down
message: 4/3/hrd/up
message: 4/2/hrd/up
message: 4/1/hrd/up
message: 3/1/hrd/left
message: 3/0/hrd/up
message: 2/0/hrd/left
message: 2/1/hrd/down
message: 2/2/hrd/down
message: 1/2/hrd/left
message: 1/3/hrd/down
message: 0/3/hrd/left
message: 0/4/hrd/down
message: 1/4/hrd/right
message: 2/4/hrd/right
message: 2/3/hrd/up
message: 2/2/hrd/up
message: 2/1/hrd/up
message: 2/0/hrd/up
message: 3/0/hrd/right
message: 3/1/hrd/down
message: 4/1/hrd/right
message: 4/2/hrd/down
message: 4/3/hrd/down
message: 4/2/hrd/up
message: 4/3/hrd/down
message: 4/4/hrd/down
message: 4/3/hrd/up
message: 4/2/hrd/up
message: 3/2/hrd/left
message: 2/2/hrd/left
message: 2/3/hrd/down
message: 2/4/hrd/down
message: 1/4/hrd/left
message: 0/4/hrd/left
message: 0/3/hrd/up
message: 1/3/hrd/right
message: 1/2/hrd/up
message: 2/2/hrd/right
message: 2/1/hrd/up
message: 2/0/hrd/up
message: 3/0/hrd/right
message: 3/1/hrd/down
message: 4/1/hrd/right
message: 4/2/hrd/down
message: 4/3/hrd/down
message: 4/4/hrd/down
message: 4/3/hrd/up
message: 4/2/hrd/up
message: 4/1/hrd/up
message: 4/2/hrd/down
message: 3/2/hrd/left
message: 2/2/hrd/left
message: 2/3/hrd/down
message: 1/3/hrd/left
message: 1/4/hrd/down
message: 2/4/hrd/right
message: 1/4/hrd/left
message: 0/4/hrd/left
message: 0/3/hrd/up
message: 1/3/hrd/right
message: 1/2/hrd/up
message: 2/2/hrd/right
message: 2/1/hrd/up
message: 2/0/hrd/up
message: 3/0/hrd/right
message: 3/1/hrd/down
message: 4/1/hrd/right
message: 4/2/hrd/down
message: 4/3/hrd/down
message: 4/4/hrd/down
message: 4/3/hrd/up
message: 4/2/hrd/up
message: 3/2/hrd/left
message: 2/2/hrd/left
message: 2/3/hrd/down
message: 2/4/hrd/down
message: 1/4/hrd/left
message: 0/4/hrd/left
message: 0/3/hrd/up
message: 1/3/hrd/right
message: 1/2/hrd/up
message: 2/2/hrd/right
message: 2/1/hrd/up
message: 2/0/hrd/up
message: 3/0/hrd/right
message: 3/1/hrd/down
message: 3/2/hrd/down
message: 4/2/hrd/right
message: 4/1/hrd/up
message: 3/1/hrd/left
message: 3/0/hrd/up
message: 2/0/hrd/left
message: 2/1/hrd/down
message: 2/2/hrd/down
message: 1/2/hrd/left
message: 1/3/hrd/down
message: 0/3/hrd/left
message: 0/4/hrd/down
message: 1/4/hrd/right
message: 2/4/hrd/right
message: 2/3/hrd/up
message: 2/2/hrd/up
message: 3/2/hrd/right
message: 4/2/hrd/right
message: 4/3/hrd/down
message: 4/4/hrd/down
message: 4/3/hrd/up
message: 4/2/hrd/up
message: 4/1/hrd/up
message: 3/1/hrd/left
message: 3/0/hrd/up
message: 2/0/hrd/left
message: 2/1/hrd/down
message: 2/2/hrd/down
message: 1/2/hrd/left
message: 1/3/hrd/down
message: 0/3/hrd/left
message: 0/4/hrd/down
message: 1/4/hrd/right
message: 2/4/hrd/right
message: 2/3/hrd/up
message: 2/2/hrd/up
message: 3/2/hrd/right
message: 4/2/hrd/right
message: 4/3/hrd/down
message: 4/4/hrd/down
message: 4/3/hrd/up
message: 4/2/hrd/up
message: 4/1/hrd/up
message: 3/1/hrd/left
message: 3/0/hrd/up
message: 2/0/hrd/left
message: 2/1/hrd/down
message: 3/1/hrd/right
message: 3/2/hrd/down
message: 2/2/hrd/left
message: 1/2/hrd/left
message: 1/3/hrd/down
message: 0/3/hrd/left
message: 0/4/hrd/down
message: 1/4/hrd/right
message: 1/3/hrd/up
message: 2/3/hrd/right
message: 2/4/hrd/down
message: 2/3/hrd/up
message: 2/2/hrd/up
message: 3/2/hrd/right
message: 4/2/hrd/right
message: 4/3/hrd/down
message: 4/4/hrd/down
message: 4/3/hrd/up
message: 4/2/hrd/up
message: 3/2/hrd/left
message: 3/1/hrd/up
message: 3/0/hrd/up
message: 2/0/hrd/left
message: 2/1/hrd/down
message: 2/2/hrd/down
message: 1/2/hrd/left
message: 1/3/hrd/down
message: 0/3/hrd/left
message: 0/4/hrd/down
message: 1/4/hrd/right
message: 1/3/hrd/up
message: 1/2/hrd/up
message: 2/2/hrd/right
message: 3/2/hrd/right
message: 4/2/hrd/right
message: 4/3/hrd/down
message: 4/4/hrd/down
message: 4/3/hrd/up
message: 4/2/hrd/up
message: 4/1/hrd/up
message: 3/1/hrd/left
message: 3/0/hrd/up
message: 2/0/hrd/left
message: 2/1/hrd/down
message: 2/2/hrd/down
message: 1/2/hrd/left
message: 1/3/hrd/down
message: 0/3/hrd/left
message: 0/4/hrd/down
message: 1/4/hrd/right
message: 2/4/hrd/right
message: 2/3/hrd/up
message: 2/2/hrd/up
message: 3/2/hrd/right
message: 4/2/hrd/right
message: 4/3/hrd/down
message: 4/4/hrd/down
message: 4/3/hrd/up
message: 4/2/hrd/up
message: 4/1/hrd/up
message: 3/1/hrd/left
message: 3/0/hrd/up
message: 2/0/hrd/left
message: 2/1/hrd/down
message: 2/2/hrd/down
message: 1/2/hrd/left
message: 1/3/hrd/down
message: 1/4/hrd/down
message: 0/4/hrd/left
message: 0/3/hrd/up
message: 1/3/hrd/right
message: 2/3/hrd/right
message: 2/4/hrd/down
message: 2/3/hrd/up
message: 2/2/hrd/up
message: 2/1/hrd/up
message: 3/1/hrd/right
message: 4/1/hrd/right
message: 4/2/hrd/down
message: 4/3/hrd/down
message: 4/4/hrd/down
message: 4/3/hrd/up
message: 4/2/hrd/up
message: 4/1/hrd/up
message: 3/1/hrd/left
message: 2/1/hrd/left
message: 2/0/hrd/up
message: 3/0/hrd/right
message: 3/1/hrd/down
message: 4/1/hrd/right
message: 4/2/hrd/down
message: 4/3/hrd/down
message: 4/4/hrd/down
message: 4/3/hrd/up
message: 4/2/hrd/up
message: 4/1/hrd/up
message: 4/2/hrd/down
message: 3/2/hrd/left
message: 2/2/hrd/left
message: 2/3/hrd/down
message: 2/4/hrd/down
message: 1/4/hrd/left
message: 0/4/hrd/left
message: 0/3/hrd/up
message: 1/3/hrd/right
message: 1/2/hrd/up
message: 2/2/hrd/right
message: 2/1/hrd/up
message: 2/0/hrd/up
message: 3/0/hrd/right
message: 3/1/hrd/down
message: 4/1/hrd/right
message: 4/2/hrd/down
message: 4/3/hrd/down
message: 4/2/hrd/up
message: 4/1/hrd/up
usuario desconectou
um usuario conectou
message: 2/2/6gw/down
message: 3/2/6gw/right
usuario desconectou
Server running at :21288
um usuario conectou
message: 2/2/e4f/down
message: 2/1/e4f/up
Server running at :21288
um usuario conectou
message: 2/2/e4fkoy/down
usuario desconectou
um usuario conectou
message: 2/2/m32/down
message: 2/1/m32/up
message: 2/2/m32/down
usuario desconectou
Server running at :21288
Server running at :21288
um usuario conectou
message: 2/2/2mz/down
message: 2/1/2mz/up
message: 3/1/2mz/right
usuario desconectou
um usuario conectou
message: 2/2/n00/down
um usuario conectou
message: 2/3/2i6/down
message: 1/3/2i6/left
message: 1/2/2i6/up
message: 1/3/2i6/down
message: 2/3/2i6/right
message: 1/3/2i6/left
message: 0/3/2i6/left
message: 0/4/2i6/down
message: 1/4/2i6/right
message: 2/4/2i6/right
message: 2/3/2i6/up
message: 1/3/2i6/left
message: 1/2/2i6/up
message: 1/3/2i6/down
message: 2/3/2i6/right
message: 1/3/2i6/left
message: 1/4/2i6/down
message: 2/4/2i6/right
message: 2/3/2i6/up
usuario desconectou
usuario desconectou
um usuario conectou
message: 2/2/oba/down
usuario desconectou
um usuario conectou
message: 2/2/8ii/down
usuario desconectou
um usuario conectou
message: 2/2/ic3/down
usuario desconectou
um usuario conectou
message: 2/2/5e1/down
usuario desconectou
um usuario conectou
message: 2/2/2ny/down
message: 2/1/2ny/up
message: 3/1/2ny/right
message: 3/2/2ny/down
um usuario conectou
message: 2/2/thi/down
usuario desconectou
um usuario conectou
message: 2/2/k1n/down
message: 2/1/k1n/up
message: 2/2/k1n/down
message: 1/2/k1n/left
message: 2/2/k1n/right
message: 3/1/2ny/up
message: 2/1/2ny/left
message: 3/1/2ny/right
message: 3/2/2ny/down
message: 3/1/2ny/up
message: 2/1/2ny/left
message: 3/1/2ny/right
message: 4/1/2ny/right
message: 4/2/2ny/down
message: 4/3/2ny/down
message: 4/4/2ny/down
message: 4/3/2ny/up
message: 4/2/2ny/up
message: 3/2/2ny/left
message: 2/1/k1n/up
message: 2/2/k1n/down
message: 1/2/k1n/left
message: 1/3/k1n/down
usuario desconectou
usuario desconectou
um usuario conectou
message: 2/2/r21/down
um usuario conectou
message: 2/3/n8t/down
usuario desconectou
um usuario conectou
message: 2/3/gbf/down
usuario desconectou
message: 1/3/gbf/left
message: 1/4/gbf/down
message: 0/4/gbf/left
message: 0/3/gbf/up
message: 1/3/gbf/right
message: 2/3/gbf/right
message: 2/2/gbf/up
message: 3/2/gbf/right
message: 2/2/gbf/left
message: 2/3/gbf/down
message: 2/4/gbf/down
message: 1/4/gbf/left
message: 0/4/gbf/left
message: 0/3/gbf/up
message: 1/3/gbf/right
message: 2/3/gbf/right
message: 2/2/gbf/up
message: 2/1/gbf/up
message: 3/1/gbf/right
message: 3/2/gbf/down
message: 2/2/gbf/left
message: 2/3/gbf/down
message: 2/4/gbf/down
message: 1/4/gbf/left
message: 0/4/gbf/left
message: 0/3/gbf/up
message: 1/3/gbf/right
message: 1/2/gbf/up
message: 2/2/gbf/right
message: 2/1/gbf/up
message: 3/1/gbf/right
message: 3/0/gbf/up
message: 3/1/gbf/down
message: 2/1/gbf/left
message: 2/0/gbf/up
message: 3/0/gbf/right
message: 3/1/gbf/down
message: 4/1/gbf/right
message: 4/2/gbf/down
message: 3/2/gbf/left
message: 4/2/gbf/right
message: 4/1/gbf/up
message: 3/1/gbf/left
message: 3/2/gbf/down
message: 4/2/gbf/right
um usuario conectou
message: 2/2/wkq/down
message: 3/2/gbf/left
message: 4/2/gbf/right
message: 3/2/gbf/left
message: 3/1/gbf/up
message: 3/0/gbf/up
message: 2/0/gbf/left
message: 3/0/gbf/right
message: 3/1/gbf/down
um usuario conectou
message: 2/3/dks/down
message: 1/3/dks/left
message: 2/3/dks/right
message: 1/3/dks/left
message: 1/2/dks/up
message: 1/3/dks/down
message: 1/4/dks/down
message: 2/4/dks/right
message: 1/4/dks/left
message: 1/3/dks/up
message: 2/3/dks/right
message: 1/3/dks/left
message: 1/2/dks/up
message: 1/3/dks/down
message: 0/3/dks/left
message: 0/4/dks/down
message: 0/3/dks/up
message: 1/3/dks/right
message: 2/1/gbf/left
message: 3/1/gbf/right
message: 3/0/gbf/up
message: 1/4/dks/down
message: 2/0/gbf/left
message: 2/4/dks/right
message: 2/1/gbf/down
message: 2/3/dks/up
message: 1/3/dks/left
message: 1/4/dks/down
message: 1/3/dks/up
message: 2/3/dks/right
message: 3/1/gbf/right
message: 2/4/dks/down
message: 3/2/gbf/down
message: 4/2/gbf/right
message: 4/3/gbf/down
message: 4/4/gbf/down
message: 4/3/gbf/up
message: 4/2/gbf/up
message: 3/2/gbf/left
message: 3/1/gbf/up
message: 2/1/gbf/left
message: 2/3/dks/up
message: 1/3/dks/left
message: 1/2/dks/up
message: 1/3/dks/down
message: 1/4/dks/down
message: 0/4/dks/left
message: 0/3/dks/up
message: 1/3/dks/right
message: 1/4/dks/down
message: 2/4/dks/right
message: 2/3/dks/up
message: 1/3/dks/left
message: 1/2/dks/up
message: 1/3/dks/down
message: 2/3/dks/right
message: 3/1/gbf/right
message: 3/2/gbf/down
message: 2/4/dks/down
message: 1/4/dks/left
message: 3/1/gbf/up
message: 3/2/gbf/down
message: 4/2/gbf/right
message: 4/3/gbf/down
message: 4/4/gbf/down
message: 4/3/gbf/up
message: 4/2/gbf/up
message: 3/2/gbf/left
message: 3/1/gbf/up
message: 2/1/gbf/left
message: 2/0/gbf/up
message: 3/0/gbf/right
message: 3/1/gbf/down
message: 2/4/dks/right
message: 2/3/dks/up
message: 1/3/dks/left
message: 0/3/dks/left
usuario desconectou
message: 0/4/dks/down
message: 1/4/dks/right
message: 1/3/dks/up
message: 2/3/dks/right
message: 2/2/dks/up
message: 2/1/gbf/left
message: 3/2/dks/right
message: 2/0/gbf/up
message: 3/0/gbf/right
message: 3/1/dks/up
message: 2/0/gbf/left
message: 2/1/gbf/down
message: 3/0/dks/up
message: 2/0/dks/left
message: 3/0/dks/right
message: 3/1/gbf/right
message: 2/1/gbf/left
message: 2/0/dks/left
message: 2/0/gbf/up
message: 3/0/dks/right
message: 2/1/gbf/down
message: 3/1/dks/down
message: 3/2/dks/down
message: 4/2/dks/right
message: 4/3/dks/down
message: 3/1/gbf/right
message: 4/1/gbf/right
message: 4/2/gbf/down
message: 4/4/dks/down
message: 4/3/dks/up
message: 4/4/dks/down
message: 4/3/dks/up
message: 4/4/dks/down
message: 4/3/gbf/down
message: 4/2/gbf/up
message: 4/1/gbf/up
message: 3/1/gbf/left
message: 2/1/gbf/left
message: 2/2/gbf/down
message: 1/2/gbf/left
message: 1/3/gbf/down
message: 0/3/gbf/left
message: 1/3/gbf/right
message: 0/3/gbf/left
message: 4/3/dks/up
message: 4/2/dks/up
message: 3/2/dks/left
message: 2/2/dks/left
message: 2/3/dks/down
message: 2/4/dks/down
message: 1/4/dks/left
message: 0/4/dks/left
message: 1/4/dks/right
message: 1/3/dks/up
message: 1/2/dks/up
message: 2/2/dks/right
message: 2/1/dks/up
message: 2/0/dks/up
message: 3/0/dks/right
message: 3/1/dks/down
message: 1/3/gbf/right
message: 2/3/gbf/right
message: 2/2/gbf/up
message: 3/2/gbf/right
message: 2/2/gbf/left
message: 1/2/gbf/left
message: 2/2/gbf/right
message: 2/1/gbf/up
message: 2/0/gbf/up
message: 3/0/gbf/right
um usuario conectou
message: 2/2/tfw/down
message: 2/1/dks/left
message: 3/1/dks/right
message: 2/1/dks/left
message: 2/0/dks/up
message: 2/1/dks/down
message: 3/1/dks/right
message: 3/2/dks/down
message: 3/1/dks/up
message: 2/1/dks/left
message: 3/1/dks/right
message: 3/2/dks/down
message: 4/2/dks/right
message: 4/1/dks/up
message: 3/1/dks/left
message: 3/2/dks/down
message: 4/2/dks/right
message: 4/3/dks/down
message: 4/4/dks/down
message: 4/3/dks/up
message: 4/2/dks/up
message: 4/1/dks/up
message: 3/1/dks/left
message: 2/1/dks/left
message: 3/1/gbf/down
message: 4/1/gbf/right
message: 4/2/gbf/down
message: 4/3/gbf/down
message: 4/2/gbf/up
message: 3/2/gbf/left
message: 3/1/gbf/up
message: 3/0/gbf/up
message: 2/0/gbf/left
message: 3/0/gbf/right
message: 3/1/gbf/down
message: 3/0/gbf/up
message: 2/0/gbf/left
message: 3/0/gbf/right
message: 3/1/gbf/down
message: 3/2/gbf/down
message: 3/1/dks/right
message: 2/1/dks/left
message: 2/0/dks/up
message: 3/0/dks/right
message: 3/1/gbf/up
message: 2/0/dks/left
message: 3/0/gbf/up
message: 2/1/dks/down
message: 3/1/dks/right
message: 3/2/dks/down
message: 4/2/dks/right
message: 4/1/dks/up
message: 3/1/dks/left
message: 3/2/dks/down
message: 3/1/gbf/down
message: 4/1/gbf/right
message: 4/2/gbf/down
message: 4/1/gbf/up
message: 3/1/gbf/left
message: 3/0/gbf/up
message: 2/0/gbf/left
message: 2/1/gbf/down
message: 3/1/gbf/right
message: 4/2/dks/right
message: 3/0/gbf/up
message: 4/1/dks/up
message: 2/0/gbf/left
message: 3/1/dks/left
message: 3/2/dks/down
message: 3/1/dks/up
message: 2/1/gbf/down
message: 3/0/dks/up
message: 2/0/dks/left
message: 2/0/gbf/up
message: 3/0/dks/right
message: 2/1/gbf/down
message: 3/1/dks/down
message: 4/1/dks/right
message: 3/1/gbf/right
message: 4/2/dks/down
message: 3/0/gbf/up
message: 3/2/dks/left
message: 3/1/dks/up
message: 2/1/dks/left
message: 3/1/dks/right
message: 4/1/dks/right
message: 3/1/dks/left
message: 2/1/dks/left
message: 3/1/dks/right
message: 3/2/dks/down
message: 4/2/dks/right
message: 3/2/dks/left
message: 3/1/dks/up
message: 2/1/dks/left
message: 2/0/dks/up
message: 2/1/dks/down
message: 3/1/dks/right
message: 3/2/dks/down
message: 4/2/dks/right
message: 4/1/dks/up
message: 3/1/dks/left
message: 3/2/dks/down
message: 3/1/dks/up
message: 2/1/dks/left
message: 2/0/dks/up
message: 2/1/dks/down
message: 3/1/dks/right
message: 3/2/dks/down
message: 4/2/dks/right
message: 4/1/dks/up
message: 3/1/dks/left
message: 3/2/dks/down
message: 4/2/dks/right
message: 4/1/dks/up
message: 3/1/dks/left
message: 2/1/dks/left
message: 2/0/dks/up
message: 2/1/dks/down
message: 3/1/dks/right
message: 3/2/dks/down
message: 4/2/dks/right
um usuario conectou
message: 2/3/tfw/down
message: 2/3/2gb/down
message: 2/4/tfw/down
message: 2/3/tfw/up
message: 1/3/2gb/left
message: 1/2/2gb/up
message: 1/3/tfw/left
message: 0/3/tfw/left
message: 0/4/tfw/down
um usuario conectou
message: 2/2/28u/down
message: 1/4/tfw/right
message: 2/4/tfw/right
um usuario conectou
message: 3/2/28u/right
message: 2/3/r5g/down
message: 3/1/28u/up
message: 2/2/r5g/up
message: 2/3/tfw/up
message: 3/2/r5g/right
message: 2/2/tfw/up
message: 2/1/tfw/up
message: 2/2/r5g/left
message: 2/3/r5g/down
message: 1/3/r5g/left
message: 1/4/r5g/down
message: 0/4/r5g/left
um usuario conectou
message: 2/2/g0s/down
message: 0/3/r5g/up
message: 2/3/g0s/down
message: 2/2/tfw/down
um usuario conectou
message: 2/4/059/down
message: 1/4/059/left
message: 1/3/059/up
message: 3/2/tfw/right
message: 1/4/059/down
message: 2/4/059/right
um usuario conectou
message: 2/2/9dr/down
message: 0/4/r5g/down
message: 1/4/r5g/right
message: 2/1/9dr/up
message: 2/2/tfw/left
message: 4/1/dks/up
um usuario conectou
message: 3/2/aq5/down
um usuario conectou
message: 4/2/fs0/down
um usuario conectou
message: 4/3/8oy/down
message: 4/4/8oy/down
message: 4/3/8oy/up
message: 4/4/8oy/down
um usuario conectou
message: 4/3/rwu/down
um usuario conectou
um usuario conectou
um usuario conectou
usuario desconectou
usuario desconectou
um usuario conectou
um usuario conectou
usuario desconectou
usuario desconectou
usuario desconectou
usuario desconectou
um usuario conectou
usuario desconectou
usuario desconectou
usuario desconectou
message: 2/0/gbf/left
message: 2/1/gbf/down
message: 2/2/gbf/down
message: 2/3/gbf/down
message: 1/3/gbf/left
usuario desconectou
um usuario conectou
usuario desconectou
usuario desconectou
usuario desconectou
usuario desconectou
message: 4/2/dks/down
message: 3/2/dks/left
message: 2/2/dks/left
message: 2/3/dks/down
message: 2/4/dks/down
message: 1/4/dks/left
message: 0/4/dks/left
message: 0/3/dks/up
message: 0/4/dks/down
message: 1/4/dks/right
message: 2/4/dks/right
message: 2/3/dks/up
um usuario conectou
message: 2/2/dks/up
message: 2/1/dks/up
message: 2/0/dks/up
message: 2/1/dks/down
message: 3/1/dks/right
message: 3/2/dks/down
message: 4/2/dks/right
message: 4/3/dks/down
message: 4/2/dks/up
message: 4/1/dks/up
message: 3/1/dks/left
usuario desconectou
message: 1/2/gbf/up
message: 2/2/gbf/right
message: 3/2/gbf/right
um usuario conectou
usuario desconectou
um usuario conectou
um usuario conectou
Server running at :21288
um usuario conectou
message: 2/2/hyy/down
message: 2/1/hyy/up
usuario desconectou
um usuario conectou
message: 2/2/9mx/down
message: 2/1/9mx/up
um usuario conectou
message: 2/2/6sr/down
message: 3/2/6sr/right
message: 3/1/6sr/up
message: 4/1/6sr/right
message: 3/1/6sr/left
message: 2/0/9mx/up
message: 3/0/9mx/right
um usuario conectou
message: 2/2/nmq/down
message: 2/1/nmq/up
message: 2/0/nmq/up
message: 2/1/nmq/down
message: 2/0/nmq/up
um usuario conectou
message: 2/2/ozu/down
message: 2/1/nmq/down
message: 3/2/ozu/right
message: 2/2/ozu/left
message: 2/3/ozu/down
usuario desconectou
message: 1/3/ozu/left
message: 1/2/ozu/up
usuario desconectou
message: 2/2/ozu/right
message: 3/2/ozu/right
message: 4/2/ozu/right
message: 4/1/ozu/up
um usuario conectou
message: 2/2/nhw/down
message: 4/2/ozu/down
message: 4/3/ozu/down
message: 4/4/ozu/down
message: 3/2/nhw/right
message: 4/3/ozu/up
message: 4/2/ozu/up
message: 4/1/ozu/up
message: 4/2/ozu/down
usuario desconectou
message: 4/3/ozu/down
message: 4/2/ozu/up
message: 3/2/ozu/left
message: 2/2/ozu/left
message: 1/2/ozu/left
message: 1/3/ozu/down
message: 1/4/ozu/down
message: 0/4/ozu/left
message: 0/3/ozu/up
message: 2/1/6sr/left
message: 1/3/ozu/right
message: 2/3/ozu/right
message: 2/2/6sr/down
message: 1/3/ozu/left
message: 1/2/ozu/up
message: 1/3/ozu/down
message: 2/3/ozu/right
message: 1/2/6sr/left
message: 2/2/ozu/up
message: 3/2/ozu/right
message: 2/2/6sr/right
message: 3/1/ozu/up
message: 3/2/6sr/right
message: 3/0/ozu/up
message: 3/1/6sr/up
message: 2/0/ozu/left
message: 2/1/ozu/down
message: 2/2/ozu/down
message: 2/1/6sr/left
message: 3/2/ozu/right
message: 2/2/6sr/down
message: 2/3/6sr/down
message: 2/2/6sr/up
message: 2/1/6sr/up
message: 2/0/6sr/up
usuario desconectou
message: 3/0/6sr/right
usuario desconectou
um usuario conectou
message: 2/2/5gr/down
um usuario conectou
message: 2/3/8ij/down
message: 3/2/5gr/right
message: 2/2/8ij/up
message: 3/1/5gr/up
message: 4/1/5gr/right
message: 1/2/8ij/left
message: 1/3/8ij/down
message: 2/3/8ij/right
message: 2/2/8ij/up
message: 4/2/5gr/down
message: 3/2/5gr/left
message: 1/2/8ij/left
message: 3/1/5gr/up
message: 2/1/5gr/left
message: 2/2/8ij/right
message: 2/0/5gr/up
message: 3/0/5gr/right
message: 3/1/5gr/down
usuario desconectou
message: 3/2/5gr/down
message: 2/2/5gr/left
um usuario conectou
message: 2/3/5fp/down
message: 1/2/5gr/left
message: 1/3/5gr/down
message: 1/4/5gr/down
message: 2/4/5gr/right
message: 1/4/5gr/left
message: 1/3/5gr/up
message: 1/2/5gr/up
message: 2/2/5gr/right
message: 3/2/5gr/right
message: 2/2/5gr/left
message: 2/1/5gr/up
message: 3/1/5gr/right
message: 3/2/5gr/down
message: 4/2/5gr/right
message: 4/3/5gr/down
message: 4/4/5gr/down
message: 4/3/5gr/up
message: 4/2/5gr/up
message: 4/1/5gr/up
message: 3/1/5gr/left
message: 3/0/5gr/up
message: 2/0/5gr/left
message: 2/1/5gr/down
um usuario conectou
message: 2/2/ga2/down
usuario desconectou
message: 3/1/5gr/right
message: 3/2/5gr/down
message: 2/2/5gr/left
message: 1/2/5gr/left
message: 1/3/5gr/down
message: 1/4/5gr/down
message: 2/4/5gr/right
message: 1/4/5gr/left
message: 1/3/5gr/up
message: 1/2/5gr/up
message: 2/2/5gr/right
message: 3/2/5gr/right
message: 3/1/5gr/up
message: 2/1/5gr/left
message: 2/0/5gr/up
message: 3/0/5gr/right
message: 3/1/5gr/down
message: 4/1/5gr/right
message: 3/1/5gr/left
message: 3/2/5gr/down
message: 2/2/5gr/left
message: 1/2/5gr/left
message: 2/2/5gr/right
usuario desconectou
um usuario conectou
message: 2/2/2h3/down
message: 2/1/2h3/up
message: 2/2/2h3/down
usuario desconectou
message: 1/2/2h3/left
message: 1/3/2h3/down
message: 2/3/2h3/right
um usuario conectou
message: 2/2/htx/down
usuario desconectou
um usuario conectou
message: 2/2/3hs/down
usuario desconectou
usuario desconectou
um usuario conectou
message: 2/2/iyj/down
usuario desconectou
um usuario conectou
message: 2/2/zb3/down
usuario desconectou
um usuario conectou
message: 2/2/kyi/down
message: 3/2/kyi/right
message: 4/2/kyi/right
message: 3/2/kyi/left
message: 2/2/kyi/left
message: 2/3/kyi/down
message: 2/4/kyi/down
message: 1/4/kyi/left
message: 0/4/kyi/left
message: 0/3/kyi/up
message: 1/3/kyi/right
message: 1/2/kyi/up
message: 2/2/kyi/right
message: 2/1/kyi/up
message: 2/0/kyi/up
message: 3/0/kyi/right
message: 3/1/kyi/down
message: 3/2/kyi/down
usuario desconectou
um usuario conectou
message: 2/2/ky9/down
message: 2/1/ky9/up
message: 2/2/ky9/down
message: 2/3/ky9/down
message: 2/4/ky9/down
message: 1/4/ky9/left
message: 0/4/ky9/left
message: 0/3/ky9/up
message: 1/3/ky9/right
message: 1/2/ky9/up
message: 2/2/ky9/right
message: 2/1/ky9/up
message: 2/0/ky9/up
message: 3/0/ky9/right
message: 3/1/ky9/down
message: 3/2/ky9/down
usuario desconectou
um usuario conectou
message: 2/2/uza/down
usuario desconectou
um usuario conectou
message: 2/2/q96/down
usuario desconectou
um usuario conectou
message: 2/2/m7g/down
message: 3/2/m7g/right
message: 3/1/m7g/up
message: 2/1/m7g/left
message: 2/2/m7g/down
message: 2/1/m7g/up
message: 2/0/m7g/up
message: 3/0/m7g/right
message: 3/1/m7g/down
message: 2/1/m7g/left
message: 2/2/m7g/down
message: 1/2/m7g/left
message: 1/3/m7g/down
message: 2/3/m7g/right
message: 2/2/m7g/up
message: 3/2/m7g/right
message: 3/1/m7g/up
message: 4/1/m7g/right
message: 3/1/m7g/left
message: 2/1/m7g/left
message: 2/2/m7g/down
message: 1/2/m7g/left
message: 1/3/m7g/down
message: 0/3/m7g/left
message: 1/3/m7g/right
message: 2/3/m7g/right
message: 2/2/m7g/up
message: 3/2/m7g/right
message: 3/1/m7g/up
message: 4/1/m7g/right
message: 3/1/m7g/left
message: 3/0/m7g/up
message: 3/1/m7g/down
message: 3/2/m7g/down
um usuario conectou
message: 2/2/9mu/down
usuario desconectou
um usuario conectou
message: 2/2/177/down
message: 2/1/177/up
message: 2/2/177/down
message: 2/1/177/up
message: 2/0/177/up
message: 3/0/177/right
message: 3/1/177/down
message: 4/1/177/right
message: 4/2/177/down
message: 4/3/177/down
message: 4/2/177/up
message: 4/1/177/up
message: 3/1/177/left
message: 2/1/177/left
message: 2/2/177/down
message: 2/3/177/down
message: 2/4/177/down
message: 1/4/177/left
message: 0/4/177/left
usuario desconectou
message: 2/2/m7g/left
message: 2/3/m7g/down
message: 2/4/m7g/down
message: 1/4/m7g/left
message: 1/3/m7g/up
message: 2/3/m7g/right
message: 2/2/m7g/up
message: 3/2/m7g/right
message: 4/2/m7g/right
message: 4/3/m7g/down
message: 4/4/m7g/down
message: 4/3/m7g/up
message: 4/2/m7g/up
message: 3/2/m7g/left
message: 3/1/m7g/up
message: 2/1/m7g/left
message: 2/0/m7g/up
message: 3/0/m7g/right
message: 3/1/m7g/down
message: 4/1/m7g/right
um usuario conectou
message: 2/2/xe9/down
usuario desconectou
message: 3/1/m7g/left
usuario desconectou
um usuario conectou
message: 2/2/6ah/down
usuario desconectou
um usuario conectou
message: 2/2/6z8/down
um usuario conectou
message: 2/3/e3p/down
message: 1/3/e3p/left
message: 0/3/e3p/left
message: 0/4/e3p/down
message: 1/4/e3p/right
message: 2/4/e3p/right
message: 2/3/e3p/up
message: 1/3/e3p/left
message: 0/3/e3p/left
message: 1/3/e3p/right
message: 2/3/e3p/right
message: 1/3/e3p/left
message: 1/2/e3p/up
message: 1/3/e3p/down
um usuario conectou
message: 2/3/ej3/down
message: 1/4/e3p/down
message: 0/4/e3p/left
message: 0/3/e3p/up
message: 1/3/e3p/right
message: 1/2/e3p/up
message: 2/4/ej3/down
message: 1/4/ej3/left
message: 2/4/ej3/right
message: 2/3/ej3/up
usuario desconectou
um usuario conectou
message: 2/4/dlm/down
message: 1/4/dlm/left
message: 1/3/ej3/left
message: 0/3/ej3/left
message: 1/3/ej3/right
message: 2/3/ej3/right
message: 1/3/ej3/left
message: 2/3/ej3/right
message: 0/4/dlm/left
message: 1/4/dlm/right
message: 2/4/dlm/right
message: 1/4/dlm/left
message: 0/4/dlm/left
message: 0/3/dlm/up
message: 1/3/dlm/right
message: 1/2/dlm/up
message: 1/3/dlm/down
message: 0/3/dlm/left
message: 1/3/dlm/right
message: 0/3/dlm/left
usuario desconectou
um usuario conectou
message: 2/3/4tu/down
message: 1/2/6z8/left
message: 2/2/6z8/right
message: 3/2/6z8/right
message: 1/3/dlm/right
message: 1/4/dlm/down
message: 0/4/dlm/left
message: 1/4/dlm/right
message: 1/3/dlm/up
message: 0/3/dlm/left
usuario desconectou
usuario desconectou
message: 4/2/6z8/right
message: 4/3/6z8/down
message: 4/4/6z8/down
usuario desconectou
um usuario conectou
message: 2/2/n7g/down
message: 2/3/n7g/down
message: 1/3/n7g/left
message: 1/2/n7g/up
message: 2/2/n7g/right
message: 2/1/n7g/up
message: 2/0/n7g/up
um usuario conectou
message: 2/2/y6q/down
message: 3/2/y6q/right
message: 4/2/y6q/right
message: 4/3/y6q/down
message: 4/4/y6q/down
message: 4/3/y6q/up
message: 4/2/y6q/up
message: 3/2/y6q/left
message: 2/2/y6q/left
message: 2/3/y6q/down
message: 2/4/y6q/down
um usuario conectou
message: 2/2/tm4/down
Server running at :21288
um usuario conectou
message: 2/1/tm4/up
um usuario conectou
um usuario conectou
message: 3/1/tm4/right
message: 3/0/tm4/up
message: 2/2/tm44tg/down
message: 2/3/y6qd06/down
message: 2/3/n7gcx7/down
message: 1/3/y6qd06/left
message: 2/3/y6qd06/right
message: 1/3/y6qd06/left
usuario desconectou
um usuario conectou
message: 2/4/6k0/down
message: 1/4/6k0/left
message: 1/3/6k0/up
message: 1/2/6k0/up
message: 1/3/6k0/down
message: 1/4/6k0/down
message: 2/4/6k0/right
message: 1/4/6k0/left
message: 1/3/6k0/up
message: 1/2/6k0/up
message: 1/3/6k0/down
message: 0/3/6k0/left
usuario desconectou
um usuario conectou
message: 2/4/nsv/down
usuario desconectou
um usuario conectou
message: 2/4/xro/down
usuario desconectou
um usuario conectou
message: 2/2/xdj/down
usuario desconectou
usuario desconectou
usuario desconectou
um usuario conectou
message: 2/2/iyf/down
message: 1/2/iyf/left
message: 1/3/iyf/down
message: 2/3/iyf/right
um usuario conectou
message: 2/2/kpn/down
message: 2/1/kpn/up
message: 2/2/kpn/down
message: 1/2/kpn/left
message: 2/2/kpn/right
message: 3/2/kpn/right
message: 3/1/kpn/up
message: 4/1/kpn/right
usuario desconectou
um usuario conectou
message: 2/2/ny8/down
message: 3/2/ny8/right
message: 4/2/ny8/right
message: 4/1/ny8/up
message: 3/1/ny8/left
message: 2/1/ny8/left
message: 2/2/ny8/down
message: 1/2/ny8/left
message: 1/3/ny8/down
message: 1/4/ny8/down
message: 2/4/ny8/right
message: 1/4/ny8/left
message: 1/3/ny8/up
message: 1/2/ny8/up
message: 2/2/ny8/right
message: 2/1/ny8/up
message: 2/0/ny8/up
message: 3/0/ny8/right
message: 2/0/ny8/left
message: 2/1/ny8/down
message: 2/2/ny8/down
message: 3/2/ny8/right
message: 3/1/ny8/up
message: 3/0/ny8/up
um usuario conectou
message: 2/2/qz1/down
usuario desconectou
Server running at :21288
um usuario conectou
message: 2/2/ny86a4/down
um usuario conectou
message: 2/4/iyf8dp/down
usuario desconectou
um usuario conectou
message: 2/3/dgc/down
message: 1/3/dgc/left
usuario desconectou
um usuario conectou
message: 2/3/fum/down
message: 1/3/fum/left
usuario desconectou
um usuario conectou
message: 2/3/11y/down
Server running at :21288
um usuario conectou
message: 2/2/um6/down
um usuario conectou
message: 2/4/ny86a4drd/down
message: 1/2/um6/left
message: 1/3/um6/down
message: 1/4/um6/down
message: 0/4/um6/left
message: 0/3/um6/up
message: 1/3/um6/right
message: 1/2/um6/up
message: 2/2/um6/right
usuario desconectou
PHPExpress app listening at http://:::21288
um usuario conectou
message: 2/3/um6h0b/down
usuario desconectou
um usuario conectou
message: 2/2/wma/down
usuario desconectou
um usuario conectou
message: 2/2/sla/down
um usuario conectou
message: 2/3/c38/down
usuario desconectou
usuario desconectou
um usuario conectou
message: 2/2/zgb/down
message: 2/3/zgb/down
message: 1/3/zgb/left
usuario desconectou
um usuario conectou
message: 2/2/xi8/down
PHPExpress app listening at http://:::21288
um usuario conectou
message: 2/2/jd1/down
PHPExpress app listening at http://:::21288
um usuario conectou
message: 2/3/jd1cgi/down
usuario desconectou
um usuario conectou
message: 2/2/im9/down
usuario desconectou
um usuario conectou
message: 2/2/xfl/down
usuario desconectou
um usuario conectou
message: 2/2/eua/down
PHPExpress app listening at http://:::21288
um usuario conectou
message: 2/2/lus/down
um usuario conectou
message: 2/3/voh/down
usuario desconectou
Server running at :21288
um usuario conectou
message: 2/3/lusmiu/down
usuario desconectou
um usuario conectou
message: 2/2/pkr/down
um usuario conectou
message: 2/3/pkrocd/down
usuario desconectou
Server running at :21288
um usuario conectou
message: 2/2/x5q/down
Server running at :21288
um usuario conectou
message: 2/2/67t/down
Server running at :21288
um usuario conectou
message: 2/3/67t7e0/down
usuario desconectou
um usuario conectou
message: 2/2/bql/down
usuario desconectou
um usuario conectou
message: 2/2/6rt/down
message: 1/2/6rt/left
message: 1/3/6rt/down
message: 2/3/6rt/right
message: 2/4/6rt/down
message: 1/4/6rt/left
message: 1/3/6rt/up
usuario desconectou
um usuario conectou
message: 2/2/70r/down
usuario desconectou
um usuario conectou
message: 2/2/dsv/down
usuario desconectou
um usuario conectou
message: 2/2/rou/down
usuario desconectou
um usuario conectou
message: 2/2/u96/down
usuario desconectou
um usuario conectou
message: 2/2/d8m/down
usuario desconectou
um usuario conectou
message: 2/2/oyl/down
message: 2/1/oyl/up
message: 2/2/oyl/down
message: 2/1/oyl/up
usuario desconectou
um usuario conectou
message: 2/2/gmo/down
usuario desconectou
um usuario conectou
message: 2/2/wwo/down
message: 2/1/wwo/up
message: 3/1/wwo/right
message: 4/1/wwo/right
message: 3/1/wwo/left
message: 3/0/wwo/up
message: 2/0/wwo/left
message: 2/1/wwo/down
message: 2/2/wwo/down
message: 2/3/wwo/down
message: 2/4/wwo/down
message: 1/4/wwo/left
message: 0/4/wwo/left
message: 0/3/wwo/up
message: 1/3/wwo/right
message: 1/2/wwo/up
message: 2/2/wwo/right
message: 1/2/wwo/left
message: 2/2/wwo/right
message: 2/1/wwo/up
message: 2/0/wwo/up
message: 3/0/wwo/right
message: 3/1/wwo/down
message: 3/2/wwo/down
message: 4/2/wwo/right
message: 4/1/wwo/up
usuario desconectou
um usuario conectou
message: 2/2/8cs/down
message: 2/1/8cs/up
message: 2/2/8cs/down
message: 2/3/8cs/down
message: 1/3/8cs/left
message: 0/3/8cs/left
message: 0/4/8cs/down
message: 1/4/8cs/right
message: 2/4/8cs/right
message: 1/4/8cs/left
message: 0/4/8cs/left
message: 0/3/8cs/up
message: 1/3/8cs/right
message: 2/3/8cs/right
um usuario conectou
message: 2/2/8cs/up
message: 2/2/kfz/down
message: 2/1/8cs/up
message: 2/0/8cs/up
message: 3/0/8cs/right
message: 2/1/kfz/up
message: 3/1/8cs/down
message: 3/2/8cs/down
message: 2/2/kfz/down
message: 2/3/kfz/down
message: 1/3/kfz/left
message: 1/4/kfz/down
message: 0/4/kfz/left
message: 4/2/8cs/right
message: 4/3/8cs/down
message: 4/4/8cs/down
message: 1/4/kfz/right
message: 1/3/kfz/up
message: 2/3/kfz/right
message: 4/3/8cs/up
message: 2/2/kfz/up
message: 4/2/8cs/up
message: 4/1/8cs/up
message: 3/2/kfz/right
message: 3/1/8cs/left
message: 2/1/8cs/left
message: 2/0/8cs/up
message: 4/2/kfz/right
message: 4/3/kfz/down
message: 3/0/8cs/right
message: 4/4/kfz/down
message: 3/1/8cs/down
message: 3/2/8cs/down
message: 4/3/kfz/up
message: 4/2/kfz/up
message: 2/2/8cs/left
message: 4/1/kfz/up
message: 3/1/kfz/left
message: 1/2/8cs/left
message: 2/1/kfz/left
message: 1/3/8cs/down
message: 1/4/8cs/down
message: 0/4/8cs/left
message: 0/3/8cs/up
usuario desconectou
usuario desconectou
um usuario conectou
message: 2/2/j72/down
message: 1/2/j72/left
message: 2/2/j72/right
message: 3/2/j72/right
message: 4/2/j72/right
message: 4/3/j72/down
message: 4/4/j72/down
message: 4/3/j72/up
message: 4/2/j72/up
message: 3/2/j72/left
message: 2/2/j72/left
message: 2/3/j72/down
message: 2/4/j72/down
message: 2/3/j72/up
message: 1/3/j72/left
message: 0/3/j72/left
message: 0/4/j72/down
message: 0/3/j72/up
message: 1/3/j72/right
message: 1/2/j72/up
message: 1/3/j72/down
message: 2/3/j72/right
message: 2/2/j72/up
message: 2/1/j72/up
message: 2/0/j72/up
message: 2/1/j72/down
message: 2/2/j72/down
message: 2/3/j72/down
message: 2/2/j72/up
message: 1/2/j72/left
message: 2/2/j72/right
message: 3/2/j72/right
message: 4/2/j72/right
message: 3/2/j72/left
message: 2/2/j72/left
message: 1/2/j72/left
message: 2/2/j72/right
message: 1/2/j72/left
message: 2/2/j72/right
message: 2/1/j72/up
message: 2/0/j72/up
message: 3/0/j72/right
message: 3/1/j72/down
message: 3/2/j72/down
message: 2/2/j72/left
message: 2/3/j72/down
message: 2/4/j72/down
message: 1/4/j72/left
message: 0/4/j72/left
message: 1/4/j72/right
message: 2/4/j72/right
um usuario conectou
message: 2/2/il0/down
message: 1/4/j72/left
message: 0/4/j72/left
message: 1/4/j72/right
message: 2/4/j72/right
message: 2/3/j72/up
message: 2/4/j72/down
message: 1/4/j72/left
message: 2/4/j72/right
message: 2/3/j72/up
message: 1/3/j72/left
message: 1/2/j72/up
message: 1/3/j72/down
message: 1/4/j72/down
message: 2/4/j72/right
message: 2/3/j72/up
message: 2/4/j72/down
message: 1/4/j72/left
message: 0/4/j72/left
message: 1/4/j72/right
message: 2/4/j72/right
message: 1/4/j72/left
message: 2/4/j72/right
message: 1/4/j72/left
message: 2/4/j72/right
message: 1/4/j72/left
message: 0/4/j72/left
message: 0/3/j72/up
message: 1/3/j72/right
message: 1/2/j72/up
message: 1/3/j72/down
message: 2/3/j72/right
message: 2/4/j72/down
message: 1/4/j72/left
message: 0/4/j72/left
message: 1/4/j72/right
um usuario conectou
message: 2/3/fqi/down
usuario desconectou
usuario desconectou
message: 0/4/j72/left
message: 1/4/j72/right
message: 1/3/j72/up
message: 2/3/j72/right
message: 2/2/j72/up
message: 2/1/j72/up
message: 2/0/j72/up
message: 2/1/j72/down
message: 3/1/j72/right
message: 4/1/j72/right
message: 4/2/j72/down
message: 3/2/j72/left
message: 3/1/j72/up
message: 3/0/j72/up
message: 2/0/j72/left
message: 2/1/j72/down
message: 2/2/j72/down
message: 2/3/j72/down
message: 2/4/j72/down
message: 2/3/j72/up
message: 2/2/j72/up
message: 2/1/j72/up
message: 2/0/j72/up
message: 3/0/j72/right
message: 3/1/j72/down
message: 4/1/j72/right
message: 4/2/j72/down
message: 4/3/j72/down
message: 4/4/j72/down
message: 4/3/j72/up
message: 4/2/j72/up
message: 4/1/j72/up
message: 3/1/j72/left
message: 2/1/j72/left
message: 2/0/j72/up
um usuario conectou
message: 2/1/j72/down
message: 2/4/il0wq1/down
message: 2/2/j72/down
message: 2/3/j72/down
message: 1/3/j72/left
message: 0/3/j72/left
message: 0/4/j72/down
message: 1/4/j72/right
usuario desconectou
um usuario conectou
message: 2/2/bci/down
message: 2/3/bci/down
message: 1/3/bci/left
message: 1/4/bci/down
usuario desconectou
um usuario conectou
message: 2/2/css/down
message: 2/3/css/down
message: 1/3/css/left
message: 1/4/css/down
usuario desconectou
um usuario conectou
message: 2/2/bbr/down
message: 2/3/bbr/down
message: 1/3/bbr/left
message: 1/4/bbr/down
um usuario conectou
message: 2/2/09y/down
usuario desconectou
um usuario conectou
message: 2/2/myp/down
usuario desconectou
usuario desconectou
message: 2/4/bbr/right
message: 2/3/bbr/up
message: 2/2/bbr/up
message: 2/1/bbr/up
message: 2/2/bbr/down
message: 2/3/bbr/down
message: 2/4/bbr/down
message: 2/3/bbr/up
message: 2/2/bbr/up
message: 2/1/bbr/up
message: 2/0/bbr/up
usuario desconectou
um usuario conectou
message: 2/2/1f6/down
usuario desconectou
um usuario conectou
message: 2/2/ftf/down
usuario desconectou
um usuario conectou
message: 2/2/ayj/down
message: 2/3/ayj/down
message: 1/3/ayj/left
message: 0/3/ayj/left
message: 1/3/ayj/right
message: 2/3/ayj/right
message: 2/2/ayj/up
message: 2/1/ayj/up
message: 2/0/ayj/up
message: 3/0/ayj/right
message: 3/1/ayj/down
message: 3/2/ayj/down
usuario desconectou
um usuario conectou
message: 2/2/psi/down
message: 2/1/psi/up
message: 2/2/psi/down
message: 1/2/psi/left
message: 2/2/psi/right
message: 1/2/psi/left
message: 2/2/psi/right
message: 3/2/psi/right
message: 2/2/psi/left
message: 3/2/psi/right
message: 3/1/psi/up
message: 3/0/psi/up
message: 3/1/psi/down
message: 3/2/psi/down
message: 4/2/psi/right
message: 3/2/psi/left
message: 2/2/psi/left
message: 2/1/psi/up
message: 2/2/psi/down
message: 2/3/psi/down
message: 2/4/psi/down
message: 1/4/psi/left
message: 1/3/psi/up
message: 2/3/psi/right
message: 2/2/psi/up
message: 3/2/psi/right
message: 2/2/psi/left
message: 1/2/psi/left
usuario desconectou
um usuario conectou
usuario desconectou
um usuario conectou
message: 2/2/r77/down
usuario desconectou
um usuario conectou
message: 2/2/uw0/down
message: 3/2/uw0/right
message: 3/1/uw0/up
message: 2/1/uw0/left
message: 2/2/uw0/down
um usuario conectou
message: 1/2/uw0/left
message: 2/3/r77c8u/down
message: 2/2/uw0/right
message: 1/2/uw0/left
message: 1/3/uw0/down
usuario desconectou
message: 0/3/uw0/left
message: 1/3/uw0/right
message: 2/3/uw0/right
message: 2/2/uw0/up
message: 2/1/uw0/up
message: 2/0/uw0/up
message: 3/0/uw0/right
message: 3/1/uw0/down
message: 3/2/uw0/down
message: 4/2/uw0/right
usuario desconectou
um usuario conectou
message: 2/2/i6d/down
message: 3/2/i6d/right
message: 3/1/i6d/up
message: 3/0/i6d/up
message: 2/0/i6d/left
message: 2/1/i6d/down
message: 2/2/i6d/down
message: 2/3/i6d/down
message: 2/4/i6d/down
message: 2/3/i6d/up
message: 1/3/i6d/left
message: 0/3/i6d/left
message: 1/3/i6d/right
message: 1/2/i6d/up
message: 2/2/i6d/right
message: 2/1/i6d/up
message: 2/0/i6d/up
message: 3/0/i6d/right
message: 3/1/i6d/down
message: 4/1/i6d/right
message: 4/2/i6d/down
message: 4/3/i6d/down
message: 4/4/i6d/down
message: 4/3/i6d/up
message: 4/4/i6d/down
message: 4/3/i6d/up
message: 4/2/i6d/up
message: 3/2/i6d/left
message: 2/2/i6d/left
message: 2/3/i6d/down
message: 2/4/i6d/down
usuario desconectou
um usuario conectou
message: 2/2/697/down
message: 1/2/697/left
message: 2/2/697/right
Server running at :21288
um usuario conectou
message: 2/2/o8p/down
message: 1/2/o8p/left
message: 2/2/o8p/right
Server running at :21288
um usuario conectou
message: 2/2/gqr/down
Server running at :21288
um usuario conectou
message: 2/3/gqrl4k/down
usuario desconectou
um usuario conectou
message: 2/2/06w/down
usuario desconectou
um usuario conectou
message: 2/2/f8y/down
um usuario conectou
message: 2/3/zx5/down
usuario desconectou
Server running at :21288
um usuario conectou
message: 2/2/qw0/down
usuario desconectou
um usuario conectou
message: 2/2/t6v/down
Server running at :21288
um usuario conectou
message: 2/2/x8a/down
um usuario conectou
message: 2/3/1pb/down
message: 2/4/1pb/down
message: 2/3/1pb/up
message: 2/4/1pb/down
message: 1/4/1pb/left
message: 1/3/1pb/up
message: 1/2/1pb/up
message: 1/3/1pb/down
message: 2/3/1pb/right
message: 2/4/1pb/down
message: 2/3/1pb/up
Server running at :21288
um usuario conectou
message: 2/4/1pbmci/down
um usuario conectou
message: 2/2/sxj/down
message: 1/2/sxj/left
message: 1/3/sxj/down
message: 1/4/sxj/down
message: 0/4/sxj/left
message: 0/3/sxj/up
message: 1/3/sxj/right
message: 2/3/sxj/right
Server running at :21288
um usuario conectou
message: 2/2/1pbmcizq1/down
um usuario conectou
usuario desconectou
um usuario conectou
message: 2/3/w2i/down
message: 1/3/w2i/left
message: 1/2/w2i/up
message: 1/3/w2i/down
message: 2/3/w2i/right
message: 1/3/w2i/left
message: 1/2/w2i/up
message: 1/3/w2i/down
message: 0/3/w2i/left
message: 1/3/w2i/right
message: 2/3/w2i/right
message: 1/3/w2i/left
message: 1/2/w2i/up
usuario desconectou
um usuario conectou
message: 2/3/7ig/down
usuario desconectou
um usuario conectou
message: 2/3/uur/down
usuario desconectou
Server running at :21288
Server running at :21288
Server running at :21288
um usuario conectou
message: 2/2/kq6/down
um usuario conectou
message: 2/3/1pbmcizq1b61/down
usuario desconectou
Server running at :21288
Server running at :21288
Server running at :21288
Server running at :21288
um usuario conectou
message: 2/2/46g/down
usuario desconectou
um usuario conectou
message: 2/2/9e4/down
Server running at :21288
um usuario conectou
message: 2/3/9e4qkx/down
usuario desconectou
um usuario conectou
message: 2/2/ppk/down
um usuario conectou
message: 2/3/5zl/down
usuario desconectou
usuario desconectou
um usuario conectou
message: 2/2/ris/down
usuario desconectou
um usuario conectou
message: 2/2/j63/down
Server running at :21288
um usuario conectou
message: 2/2/hj8/down
usuario desconectou
um usuario conectou
message: 2/2/e0i/down
usuario desconectou
um usuario conectou
message: 2/2/qkh/down
usuario desconectou
um usuario conectou
message: 2/2/gda/down
usuario desconectou
um usuario conectou
message: 2/2/2co/down
usuario desconectou
um usuario conectou
message: 2/2/0i6/down
usuario desconectou
um usuario conectou
message: 2/2/inb/down
usuario desconectou
um usuario conectou
message: 2/2/lpb/down
usuario desconectou
um usuario conectou
message: 2/2/sos/down
Server running at :21288
um usuario conectou
message: 2/3/sosmxx/down
usuario desconectou
um usuario conectou
message: 2/2/4pl/down
usuario desconectou
Server running at :21288
Server running at :21288
Server running at :21288
Server running at :21288
Server running at :21288
Server running at :21288
um usuario conectou
um usuario conectou
message: 2/2/qp6/down
message: 2/2/8ab/down
usuario desconectou
Server running at :21288
Server running at :21288
um usuario conectou
message: 2/3/8ab8ba/down
usuario desconectou
Server running at :21288
um usuario conectou
message: 2/2/mka/down
message: 1/2/mka/left
message: 2/2/mka/right
message: 3/2/mka/right
usuario desconectou
um usuario conectou
message: 2/2/2b3/down
usuario desconectou
um usuario conectou
um usuario conectou
Server running at :21288
um usuario conectou
um usuario conectou
um usuario conectou
um usuario conectou
Server running at :21288
um usuario conectou
message: 2/2/0uo/down
usuario desconectou
um usuario conectou
message: 2/2/1ln/down
usuario desconectou
um usuario conectou
um usuario conectou
message: 2/2/utd/down
um usuario conectou
usuario desconectou
usuario desconectou
um usuario conectou
usuario desconectou
um usuario conectou
usuario desconectou
um usuario conectou
um usuario conectou
usuario desconectou
usuario desconectou
usuario desconectou
um usuario conectou
message: 2/2/msd/down
usuario desconectou
um usuario conectou
message: 2/2/bg5/down
usuario desconectou
um usuario conectou
message: 2/2/hqz/down
message: 2/3/hqz/down
message: 2/2/hqz/up
message: 1/2/hqz/left
message: 2/2/hqz/right
message: 2/1/hqz/up
message: 3/1/hqz/right
message: 3/0/hqz/up
message: 3/1/hqz/down
message: 4/1/hqz/right
message: 4/2/hqz/down
message: 3/2/hqz/left
message: 3/1/hqz/up
message: 3/2/hqz/down
message: 2/2/hqz/left
message: 2/3/hqz/down
message: 2/4/hqz/down
usuario desconectou
um usuario conectou
message: 2/3/bg5ahc/down
usuario desconectou
um usuario conectou
message: 2/2/2pz/down
message: 3/2/2pz/right
message: 4/2/2pz/right
message: 4/3/2pz/down
message: 4/4/2pz/down
message: 4/3/2pz/up
message: 4/2/2pz/up
message: 3/2/2pz/left
message: 2/2/2pz/left
message: 1/2/2pz/left
message: 1/3/2pz/down
message: 0/3/2pz/left
message: 0/4/2pz/down
message: 1/4/2pz/right
message: 2/4/2pz/right
message: 2/3/2pz/up
message: 2/2/2pz/up
message: 2/1/2pz/up
message: 2/0/2pz/up
message: 3/0/2pz/right
message: 3/1/2pz/down
message: 4/1/2pz/right
message: 4/2/2pz/down
message: 3/2/2pz/left
message: 3/1/2pz/up
message: 2/1/2pz/left
message: 2/2/2pz/down
message: 3/2/2pz/right
message: 2/2/2pz/left
message: 2/3/2pz/down
message: 1/3/2pz/left
message: 1/4/2pz/down
message: 0/4/2pz/left
message: 0/3/2pz/up
message: 1/3/2pz/right
message: 1/2/2pz/up
message: 1/3/2pz/down
message: 1/2/2pz/up
message: 1/3/2pz/down
message: 1/2/2pz/up
message: 2/2/2pz/right
message: 2/1/2pz/up
message: 2/0/2pz/up
message: 2/1/2pz/down
message: 2/0/2pz/up
message: 3/0/2pz/right
message: 3/1/2pz/down
message: 3/0/2pz/up
message: 3/1/2pz/down
message: 3/2/2pz/down
message: 4/2/2pz/right
message: 4/3/2pz/down
message: 4/4/2pz/down
message: 4/3/2pz/up
message: 4/4/2pz/down
message: 4/3/2pz/up
message: 4/4/2pz/down
message: 4/3/2pz/up
message: 4/4/2pz/down
message: 4/3/2pz/up
message: 4/2/2pz/up
message: 3/2/2pz/left
message: 2/2/2pz/left
message: 1/2/2pz/left
message: 1/3/2pz/down
message: 1/4/2pz/down
message: 0/4/2pz/left
message: 0/3/2pz/up
message: 1/3/2pz/right
message: 2/3/2pz/right
message: 2/2/2pz/up
message: 2/1/2pz/up
message: 3/1/2pz/right
message: 4/1/2pz/right
message: 4/2/2pz/down
message: 4/3/2pz/down
message: 4/2/2pz/up
message: 3/2/2pz/left
message: 2/2/2pz/left
message: 2/3/2pz/down
message: 1/3/2pz/left
message: 1/2/2pz/up
message: 2/2/2pz/right
message: 2/1/2pz/up
message: 2/0/2pz/up
message: 3/0/2pz/right
message: 3/1/2pz/down
message: 3/2/2pz/down
message: 4/2/2pz/right
message: 4/3/2pz/down
usuario desconectou
um usuario conectou
message: 2/2/i8h/down
usuario desconectou
um usuario conectou
message: 2/2/381/down
message: 2/1/381/up
message: 2/2/381/down
message: 2/3/381/down
message: 2/4/381/down
message: 2/3/381/up
message: 2/4/381/down
message: 1/4/381/left
message: 1/3/381/up
message: 2/3/381/right
message: 2/4/381/down
message: 2/3/381/up
message: 2/2/381/up
message: 2/1/381/up
message: 2/0/381/up
message: 3/0/381/right
message: 3/1/381/down
message: 4/1/381/right
message: 4/2/381/down
message: 4/3/381/down
message: 4/4/381/down
message: 4/3/381/up
message: 4/2/381/up
message: 4/1/381/up
message: 3/1/381/left
message: 3/2/381/down
message: 2/2/381/left
message: 1/2/381/left
message: 1/3/381/down
message: 1/4/381/down
message: 2/4/381/right
message: 2/3/381/up
message: 2/2/381/up
message: 2/1/381/up
message: 2/0/381/up
usuario desconectou
um usuario conectou
message: 2/2/qkr/down
um usuario conectou
message: 2/3/s9g/down
usuario desconectou
usuario desconectou
um usuario conectou
usuario desconectou
um usuario conectou
message: 2/2/we8/down
usuario desconectou
um usuario conectou
message: 2/2/av9/down
message: 2/3/av9/down
message: 1/3/av9/left
message: 2/3/av9/right
message: 2/2/av9/up
message: 1/2/av9/left
message: 1/3/av9/down
message: 0/3/av9/left
um usuario conectou
message: 2/2/xa9/down
message: 0/4/av9/down
message: 1/4/av9/right
message: 1/3/av9/up
message: 2/3/av9/right
message: 1/3/av9/left
message: 2/3/av9/right
message: 1/3/av9/left
message: 2/3/av9/right
message: 1/3/av9/left
message: 2/3/av9/right
message: 1/3/av9/left
message: 2/3/av9/right
message: 1/3/av9/left
message: 2/3/av9/right
message: 1/3/av9/left
message: 2/3/av9/right
message: 1/3/av9/left
message: 2/3/av9/right
message: 2/4/av9/down
message: 1/4/av9/left
message: 1/3/av9/up
message: 1/2/av9/up
message: 1/3/av9/down
message: 2/3/av9/right
message: 1/3/av9/left
message: 1/2/av9/up
message: 1/3/av9/down
message: 0/3/av9/left
message: 1/3/av9/right
message: 1/2/av9/up
message: 1/3/av9/down
message: 0/3/av9/left
message: 0/4/av9/down
message: 1/4/av9/right
message: 1/3/av9/up
message: 2/3/av9/right
message: 1/3/av9/left
message: 1/2/av9/up
message: 1/3/av9/down
message: 0/3/av9/left
usuario desconectou
message: 1/3/av9/right
message: 2/3/av9/right
message: 2/2/av9/up
message: 3/2/av9/right
message: 3/1/av9/up
message: 4/1/av9/right
um usuario conectou
message: 2/2/2lz/down
um usuario conectou
message: 2/3/v4b/down
message: 1/3/v4b/left
message: 3/1/av9/left
message: 1/4/v4b/down
message: 3/0/av9/up
message: 2/4/v4b/right
message: 2/3/v4b/up
message: 2/3/2lz/down
message: 2/2/2lz/up
message: 1/3/v4b/left
message: 2/1/2lz/up
message: 3/1/av9/down
message: 4/1/av9/right
message: 3/1/av9/left
message: 2/2/2lz/down
message: 3/2/av9/down
message: 1/2/2lz/left
message: 1/3/2lz/down
message: 3/1/av9/up
message: 2/3/2lz/right
message: 2/2/2lz/up
message: 0/3/v4b/left
message: 3/2/2lz/right
message: 4/2/2lz/right
message: 4/3/2lz/down
message: 4/4/2lz/down
message: 3/2/av9/down
message: 4/2/av9/right
message: 4/3/av9/down
message: 1/3/v4b/right
message: 1/4/v4b/down
message: 2/4/v4b/right
message: 1/4/v4b/left
message: 2/4/v4b/right
message: 1/4/v4b/left
message: 2/4/v4b/right
message: 4/2/av9/up
message: 4/1/av9/up
message: 3/1/av9/left
message: 4/3/2lz/up
message: 4/2/2lz/up
message: 3/2/2lz/left
message: 2/2/2lz/left
message: 1/2/2lz/left
message: 1/3/2lz/down
message: 1/4/2lz/down
message: 0/4/2lz/left
message: 2/3/v4b/up
message: 2/2/v4b/up
message: 4/1/av9/right
message: 0/3/2lz/up
message: 1/3/2lz/right
message: 3/2/v4b/right
message: 2/3/2lz/right
message: 3/1/v4b/up
message: 2/2/2lz/up
message: 2/1/2lz/up
message: 4/2/av9/down
message: 2/2/2lz/down
message: 3/2/2lz/right
message: 4/1/av9/up
message: 4/2/2lz/right
message: 2/1/v4b/left
message: 2/0/v4b/up
message: 3/1/av9/left
message: 3/2/av9/down
message: 2/2/av9/left
message: 3/0/v4b/right
message: 4/1/2lz/up
message: 2/3/av9/down
message: 3/1/2lz/left
message: 1/3/av9/left
message: 3/2/2lz/down
message: 1/4/av9/down
message: 2/4/av9/right
message: 3/1/v4b/down
message: 2/1/v4b/left
message: 2/2/2lz/left
message: 3/2/2lz/right
message: 3/1/2lz/up
message: 3/0/2lz/up
message: 2/2/v4b/down
message: 3/1/2lz/down
message: 1/2/v4b/left
message: 2/1/2lz/left
message: 2/3/av9/up
message: 1/3/v4b/down
message: 2/2/2lz/down
message: 1/4/v4b/down
message: 3/2/2lz/right
message: 1/3/av9/left
message: 0/4/v4b/left
message: 0/3/v4b/up
message: 1/2/av9/up
message: 0/4/v4b/down
message: 1/4/v4b/right
message: 2/4/v4b/right
message: 2/3/v4b/up
message: 2/2/v4b/up
message: 3/1/2lz/up
message: 3/0/2lz/up
message: 3/2/v4b/right
message: 3/1/2lz/down
message: 2/2/av9/right
message: 2/1/2lz/left
message: 2/3/av9/down
message: 1/3/av9/left
message: 2/2/2lz/down
message: 2/3/2lz/down
message: 2/4/2lz/down
message: 1/4/av9/down
message: 2/3/2lz/up
message: 0/4/av9/left
message: 2/2/2lz/up
message: 2/1/2lz/up
message: 4/2/v4b/right
message: 2/0/2lz/up
message: 3/2/v4b/left
message: 2/1/2lz/down
message: 3/1/2lz/right
message: 4/1/2lz/right
message: 0/3/av9/up
message: 2/2/v4b/left
message: 1/3/av9/right
message: 3/1/2lz/left
message: 2/1/2lz/left
message: 1/2/av9/up
message: 2/0/2lz/up
message: 2/3/v4b/down
message: 1/3/av9/down
message: 3/0/2lz/right
message: 2/4/v4b/down
message: 2/3/v4b/up
message: 2/0/2lz/left
message: 2/2/v4b/up
message: 2/1/v4b/up
message: 3/1/v4b/right
message: 4/1/v4b/right
message: 3/0/2lz/right
message: 3/1/v4b/left
message: 2/1/v4b/left
message: 2/2/v4b/down
message: 2/3/v4b/down
message: 3/1/2lz/down
message: 2/4/v4b/down
message: 2/3/v4b/up
message: 2/2/v4b/up
message: 2/1/2lz/left
message: 1/2/v4b/left
message: 2/2/v4b/right
message: 3/2/v4b/right
message: 2/0/2lz/up
message: 4/2/v4b/right
message: 3/0/2lz/right
message: 3/1/2lz/down
message: 3/2/2lz/down
message: 2/2/2lz/left
message: 1/2/2lz/left
message: 2/2/2lz/right
message: 2/3/2lz/down
message: 2/4/2lz/down
message: 1/4/2lz/left
message: 0/4/2lz/left
message: 0/3/2lz/up
message: 0/4/2lz/down
message: 1/4/2lz/right
message: 2/4/2lz/right
message: 2/3/2lz/up
message: 2/2/2lz/up
message: 2/1/2lz/up
message: 2/0/2lz/up
message: 3/0/2lz/right
message: 2/3/av9/right
message: 3/1/2lz/down
message: 2/2/av9/up
message: 3/2/v4b/left
message: 2/1/2lz/left
message: 3/1/2lz/right
message: 4/1/2lz/right
message: 4/2/2lz/down
message: 1/2/av9/left
message: 3/1/v4b/up
message: 2/1/v4b/left
message: 1/3/av9/down
message: 2/0/v4b/up
message: 2/1/v4b/down
message: 2/3/av9/right
message: 2/2/v4b/down
message: 1/3/av9/left
message: 1/4/av9/down
message: 4/3/2lz/down
message: 1/2/v4b/left
message: 4/4/2lz/down
message: 2/2/v4b/right
message: 3/2/v4b/right
message: 4/3/2lz/up
message: 4/2/2lz/up
message: 4/1/2lz/up
message: 4/2/v4b/right
message: 3/1/2lz/left
message: 3/2/v4b/left
message: 2/1/2lz/left
message: 4/2/v4b/right
message: 2/2/2lz/down
message: 4/1/v4b/up
message: 3/1/v4b/left
message: 3/0/v4b/up
message: 2/0/v4b/left
message: 2/1/v4b/down
message: 3/1/v4b/right
message: 3/2/v4b/down
message: 3/1/v4b/up
message: 3/0/v4b/up
message: 3/1/v4b/down
message: 4/1/v4b/right
message: 4/2/v4b/down
message: 4/3/v4b/down
message: 4/4/v4b/down
message: 4/3/v4b/up
message: 4/2/v4b/up
message: 4/1/v4b/up
message: 3/1/v4b/left
message: 0/4/av9/left
message: 0/3/av9/up
message: 2/3/2lz/down
message: 1/3/av9/right
message: 3/2/v4b/down
message: 2/4/2lz/down
message: 1/2/av9/up
message: 1/4/2lz/left
message: 0/4/2lz/left
message: 0/3/2lz/up
message: 1/3/2lz/right
message: 3/1/v4b/up
message: 2/3/2lz/right
message: 3/0/v4b/up
message: 2/2/av9/right
message: 2/4/2lz/down
message: 2/1/av9/up
message: 2/0/v4b/left
message: 3/0/v4b/right
message: 3/1/av9/right
message: 2/0/v4b/left
message: 2/1/av9/left
message: 3/0/v4b/right
message: 2/0/v4b/left
message: 3/1/av9/right
message: 2/1/v4b/down
message: 2/2/v4b/down
message: 1/2/v4b/left
message: 1/3/v4b/down
message: 0/3/v4b/left
message: 0/4/v4b/down
message: 1/4/v4b/right
message: 1/3/v4b/up
usuario desconectou
message: 2/3/v4b/right
message: 2/2/v4b/up
message: 3/2/v4b/right
message: 4/2/v4b/right
message: 4/1/v4b/up
message: 3/1/v4b/left
message: 2/1/v4b/left
message: 2/0/v4b/up
usuario desconectou
usuario desconectou
um usuario conectou
message: 2/2/lbd/down
message: 1/2/lbd/left
message: 2/2/lbd/right
message: 2/3/lbd/down
message: 2/4/lbd/down
um usuario conectou
message: 2/2/pct/down
message: 3/2/pct/right
message: 2/2/pct/left
message: 1/2/pct/left
message: 1/3/pct/down
message: 0/3/pct/left
message: 2/3/lbd/up
message: 1/3/pct/right
message: 2/2/lbd/up
message: 3/2/lbd/right
message: 4/2/lbd/right
message: 4/3/lbd/down
message: 4/2/lbd/up
message: 4/1/lbd/up
message: 3/1/lbd/left
message: 2/1/lbd/left
message: 2/2/lbd/down
message: 2/3/lbd/down
message: 2/4/lbd/down
message: 1/4/lbd/left
message: 2/3/pct/right
message: 2/2/pct/up
message: 3/2/pct/right
message: 0/4/lbd/left
message: 0/3/lbd/up
message: 1/3/lbd/right
message: 2/3/lbd/right
message: 2/2/lbd/up
message: 2/1/lbd/up
message: 3/1/pct/up
message: 3/0/pct/up
message: 3/1/pct/down
message: 2/0/lbd/up
message: 2/1/lbd/down
message: 2/2/lbd/down
message: 3/2/lbd/right
message: 4/2/lbd/right
message: 4/3/lbd/down
message: 4/4/lbd/down
message: 4/3/lbd/up
message: 4/2/lbd/up
message: 3/2/lbd/left
message: 2/2/lbd/left
message: 2/3/lbd/down
message: 1/3/lbd/left
usuario desconectou
message: 0/3/lbd/left
message: 0/4/lbd/down
message: 1/4/lbd/right
message: 2/4/lbd/right
message: 2/3/lbd/up
message: 1/3/lbd/left
message: 1/4/lbd/down
message: 0/4/lbd/left
message: 0/3/lbd/up
message: 1/3/lbd/right
message: 1/2/lbd/up
message: 2/2/lbd/right
message: 2/1/lbd/up
message: 3/1/lbd/right
message: 3/0/lbd/up
message: 3/1/lbd/down
message: 3/2/lbd/down
message: 4/2/lbd/right
message: 4/1/lbd/up
message: 3/1/lbd/left
message: 3/2/lbd/down
message: 2/2/lbd/left
message: 2/1/lbd/up
message: 2/2/lbd/down
message: 1/2/lbd/left
message: 1/3/lbd/down
message: 0/3/lbd/left
message: 0/4/lbd/down
message: 1/4/lbd/right
message: 1/3/lbd/up
message: 0/3/lbd/left
message: 1/3/lbd/right
message: 1/2/lbd/up
message: 2/2/lbd/right
message: 3/2/lbd/right
message: 4/2/lbd/right
message: 4/1/lbd/up
message: 3/1/lbd/left
message: 3/0/lbd/up
message: 2/0/lbd/left
message: 2/1/lbd/down
message: 2/2/lbd/down
message: 3/2/lbd/right
message: 4/2/lbd/right
message: 3/2/lbd/left
message: 2/2/lbd/left
message: 1/2/lbd/left
message: 2/2/lbd/right
message: 2/1/lbd/up
message: 3/1/lbd/right
message: 3/2/lbd/down
message: 4/2/lbd/right
message: 3/2/lbd/left
message: 4/2/lbd/right
message: 4/1/lbd/up
message: 3/1/lbd/left
message: 2/1/lbd/left
message: 2/2/lbd/down
message: 3/2/lbd/right
message: 4/2/lbd/right
message: 4/1/lbd/up
message: 3/1/lbd/left
message: 2/1/lbd/left
message: 2/2/lbd/down
message: 3/2/lbd/right
message: 4/2/lbd/right
message: 4/1/lbd/up
message: 3/1/lbd/left
message: 2/1/lbd/left
message: 2/2/lbd/down
message: 3/2/lbd/right
message: 4/2/lbd/right
message: 4/1/lbd/up
message: 3/1/lbd/left
message: 2/1/lbd/left
message: 2/2/lbd/down
message: 3/2/lbd/right
message: 4/2/lbd/right
message: 4/1/lbd/up
message: 3/1/lbd/left
message: 2/1/lbd/left
message: 2/2/lbd/down
message: 2/3/lbd/down
message: 2/4/lbd/down
message: 1/4/lbd/left
message: 0/4/lbd/left
message: 0/3/lbd/up
message: 1/3/lbd/right
message: 2/3/lbd/right
message: 2/2/lbd/up
message: 2/1/lbd/up
message: 3/1/lbd/right
message: 4/1/lbd/right
message: 4/2/lbd/down
message: 4/3/lbd/down
message: 4/2/lbd/up
message: 3/2/lbd/left
message: 2/2/lbd/left
message: 2/3/lbd/down
message: 2/4/lbd/down
message: 1/4/lbd/left
message: 1/3/lbd/up
message: 1/4/lbd/down
message: 0/4/lbd/left
message: 0/3/lbd/up
message: 1/3/lbd/right
message: 1/2/lbd/up
message: 2/2/lbd/right
message: 2/1/lbd/up
message: 3/1/lbd/right
message: 4/1/lbd/right
message: 4/2/lbd/down
message: 3/2/lbd/left
message: 2/2/lbd/left
message: 2/3/lbd/down
message: 2/4/lbd/down
message: 1/4/lbd/left
message: 0/4/lbd/left
message: 0/3/lbd/up
message: 1/3/lbd/right
message: 1/2/lbd/up
message: 2/2/lbd/right
message: 2/1/lbd/up
message: 3/1/lbd/right
message: 4/1/lbd/right
message: 4/2/lbd/down
message: 3/2/lbd/left
message: 2/2/lbd/left
message: 2/3/lbd/down
message: 1/3/lbd/left
message: 2/3/lbd/right
message: 2/4/lbd/down
message: 1/4/lbd/left
message: 0/4/lbd/left
message: 0/3/lbd/up
message: 1/3/lbd/right
message: 1/2/lbd/up
message: 2/2/lbd/right
message: 2/1/lbd/up
message: 3/1/lbd/right
message: 4/1/lbd/right
message: 4/2/lbd/down
message: 3/2/lbd/left
message: 2/2/lbd/left
message: 2/3/lbd/down
message: 2/4/lbd/down
message: 1/4/lbd/left
message: 0/4/lbd/left
message: 0/3/lbd/up
message: 1/3/lbd/right
message: 1/2/lbd/up
message: 2/2/lbd/right
message: 2/1/lbd/up
message: 3/1/lbd/right
message: 3/0/lbd/up
message: 3/1/lbd/down
message: 4/1/lbd/right
message: 4/2/lbd/down
message: 3/2/lbd/left
usuario desconectou
um usuario conectou
message: 2/2/thr/down
um usuario conectou
message: 2/3/k5y/down
message: 2/1/thr/up
message: 2/0/thr/up
message: 2/1/thr/down
message: 2/2/thr/down
message: 1/2/thr/left
message: 1/3/thr/down
message: 0/3/thr/left
message: 0/4/thr/down
message: 1/4/thr/right
message: 2/4/thr/right
message: 1/4/thr/left
message: 1/3/thr/up
message: 1/2/thr/up
message: 2/2/thr/right
message: 3/2/thr/right
message: 3/1/thr/up
message: 2/1/thr/left
message: 2/2/thr/down
message: 1/2/thr/left
message: 1/3/thr/down
message: 1/4/thr/down
message: 2/2/k5y/up
message: 1/3/thr/up
message: 2/1/k5y/up
message: 2/3/thr/right
message: 3/1/k5y/right
message: 2/4/thr/down
message: 2/3/thr/up
message: 2/2/thr/up
message: 3/2/thr/right
message: 4/2/thr/right
message: 4/3/thr/down
message: 4/1/k5y/right
message: 4/2/k5y/down
message: 4/4/thr/down
message: 4/3/k5y/down
message: 4/2/k5y/up
message: 4/3/thr/up
message: 4/1/k5y/up
message: 3/1/k5y/left
message: 4/2/thr/up
message: 3/0/k5y/up
message: 3/2/thr/left
message: 3/1/thr/up
message: 2/1/thr/left
message: 2/0/thr/up
message: 3/1/k5y/down
message: 2/1/k5y/left
message: 2/2/k5y/down
message: 3/2/k5y/right
message: 2/1/thr/down
message: 2/2/thr/down
message: 1/2/thr/left
message: 2/2/thr/right
message: 1/2/thr/left
message: 2/2/thr/right
message: 1/2/thr/left
message: 2/2/thr/right
message: 1/2/thr/left
message: 2/2/thr/right
message: 1/2/thr/left
message: 2/2/thr/right
message: 2/1/thr/up
message: 2/2/k5y/left
message: 3/1/thr/right
message: 4/1/thr/right
message: 4/2/thr/down
message: 3/2/thr/left
message: 2/1/k5y/up
message: 3/1/thr/up
message: 3/1/k5y/right
message: 4/1/thr/right
message: 4/1/k5y/right
message: 3/1/k5y/left
message: 4/2/thr/down
message: 3/2/k5y/down
message: 4/1/thr/up
message: 4/2/k5y/right
message: 3/1/thr/left
message: 4/3/k5y/down
message: 3/2/thr/down
message: 4/2/k5y/up
message: 4/2/thr/right
message: 4/1/k5y/up
message: 3/1/k5y/left
message: 2/1/k5y/left
message: 2/2/k5y/down
message: 4/3/thr/down
message: 1/2/k5y/left
message: 2/2/k5y/right
message: 4/2/thr/up
message: 4/3/thr/down
message: 2/1/k5y/up
message: 4/2/thr/up
message: 4/1/thr/up
message: 4/2/thr/down
message: 4/3/thr/down
message: 3/1/k5y/right
message: 4/2/thr/up
message: 4/1/thr/up
message: 4/2/thr/down
message: 4/3/thr/down
message: 4/2/thr/up
message: 4/3/thr/down
um usuario conectou
message: 2/2/ttv/down
message: 2/3/ttv/down
message: 2/2/ttv/up
message: 3/2/ttv/right
message: 4/2/ttv/right
message: 3/2/ttv/left
message: 2/2/ttv/left
message: 3/2/ttv/right
message: 4/2/ttv/right
um usuario conectou
um usuario conectou
message: 2/2/w54/down
message: 2/2/4vd/down
message: 2/3/w54/down
message: 1/2/4vd/left
message: 2/2/w54/up
message: 1/3/4vd/down
message: 2/1/w54/up
message: 1/2/4vd/up
message: 2/2/w54/down
message: 2/1/w54/up
message: 2/2/4vd/right
message: 3/2/4vd/right
message: 2/2/4vd/left
message: 2/0/w54/up
message: 1/2/4vd/left
message: 3/0/w54/right
usuario desconectou
message: 2/0/w54/left
usuario desconectou
message: 2/1/w54/down
message: 2/2/w54/down
usuario desconectou
message: 3/2/w54/right
message: 4/2/w54/right
usuario desconectou
usuario desconectou
um usuario conectou
message: 2/2/kj9/down
message: 2/1/kj9/up
message: 3/1/kj9/right
message: 3/2/kj9/down
message: 2/2/kj9/left
message: 2/3/kj9/down
message: 1/3/kj9/left
message: 0/3/kj9/left
message: 0/4/kj9/down
message: 1/4/kj9/right
message: 2/4/kj9/right
message: 2/3/kj9/up
message: 2/2/kj9/up
message: 2/1/kj9/up
message: 2/0/kj9/up
message: 2/1/kj9/down
message: 2/2/kj9/down
message: 1/2/kj9/left
message: 2/2/kj9/right
message: 3/2/kj9/right
message: 4/2/kj9/right
message: 4/3/kj9/down
message: 4/4/kj9/down
message: 4/3/kj9/up
message: 4/2/kj9/up
message: 4/1/kj9/up
message: 3/1/kj9/left
usuario desconectou
um usuario conectou
message: 2/2/fie/down
usuario desconectou
um usuario conectou
message: 2/2/upe/down
message: 2/3/upe/down
message: 2/2/upe/up
message: 3/2/upe/right
message: 2/2/upe/left
message: 2/1/upe/up
message: 2/0/upe/up
message: 3/0/upe/right
message: 3/1/upe/down
message: 2/1/upe/left
message: 2/2/upe/down
message: 1/2/upe/left
message: 1/3/upe/down
message: 2/3/upe/right
message: 1/3/upe/left
message: 2/3/upe/right
usuario desconectou
um usuario conectou
message: 2/2/y2t/down
message: 1/2/y2t/left
message: 2/2/y2t/right
usuario desconectou
Server running at :21288
connected as id 1814025
The results * from the table PP_USER where the email is the userEmail are: id: 1; name: Gustavo; email: gustavomdcl@gmail.com; user: OddGus;
um usuario conectou
message: 2/2/8df/down
message: 1/2/8df/left
message: 1/3/8df/down
message: 2/3/8df/right
usuario desconectou
Server running at :21288
