Error: Cannot find module 'express'
    at Function.Module._resolveFilename (module.js:325:15)
    at Function.Module._load (module.js:276:25)
    at Function._load (/opt/nodejs/4.4.7/lib/node_modules/pm2/node_modules/pmx/lib/transaction.js:62:21)
    at Module.require (module.js:353:17)
    at require (internal/module.js:12:17)
    at Object.<anonymous> (/home/magicraft/apps_nodejs/index.js:1:73)
    at Module._compile (module.js:409:26)
    at Object.Module._extensions..js (module.js:416:10)
    at Module.load (module.js:343:32)
    at Function.Module._load (module.js:300:12)
Error: Cannot find module 'express'
    at Function.Module._resolveFilename (module.js:325:15)
    at Function.Module._load (module.js:276:25)
    at Function._load (/opt/nodejs/4.4.7/lib/node_modules/pm2/node_modules/pmx/lib/transaction.js:62:21)
    at Module.require (module.js:353:17)
    at require (internal/module.js:12:17)
    at Object.<anonymous> (/home/magicraft/apps_nodejs/index.js:1:73)
    at Module._compile (module.js:409:26)
    at Object.Module._extensions..js (module.js:416:10)
    at Module.load (module.js:343:32)
    at Function.Module._load (module.js:300:12)
Error: Cannot find module 'express'
    at Function.Module._resolveFilename (module.js:325:15)
    at Function.Module._load (module.js:276:25)
    at Function._load (/opt/nodejs/4.4.7/lib/node_modules/pm2/node_modules/pmx/lib/transaction.js:62:21)
    at Module.require (module.js:353:17)
    at require (internal/module.js:12:17)
    at Object.<anonymous> (/home/magicraft/apps_nodejs/index.js:1:73)
    at Module._compile (module.js:409:26)
    at Object.Module._extensions..js (module.js:416:10)
    at Module.load (module.js:343:32)
    at Function.Module._load (module.js:300:12)
Error: Cannot find module 'express'
    at Function.Module._resolveFilename (module.js:325:15)
    at Function.Module._load (module.js:276:25)
    at Function._load (/opt/nodejs/4.4.7/lib/node_modules/pm2/node_modules/pmx/lib/transaction.js:62:21)
    at Module.require (module.js:353:17)
    at require (internal/module.js:12:17)
    at Object.<anonymous> (/home/magicraft/apps_nodejs/index.js:1:73)
    at Module._compile (module.js:409:26)
    at Object.Module._extensions..js (module.js:416:10)
    at Module.load (module.js:343:32)
    at Function.Module._load (module.js:300:12)
Error: Cannot find module 'express'
    at Function.Module._resolveFilename (module.js:325:15)
    at Function.Module._load (module.js:276:25)
    at Function._load (/opt/nodejs/4.4.7/lib/node_modules/pm2/node_modules/pmx/lib/transaction.js:62:21)
    at Module.require (module.js:353:17)
    at require (internal/module.js:12:17)
    at Object.<anonymous> (/home/magicraft/apps_nodejs/index.js:1:73)
    at Module._compile (module.js:409:26)
    at Object.Module._extensions..js (module.js:416:10)
    at Module.load (module.js:343:32)
    at Function.Module._load (module.js:300:12)
Error: Cannot find module 'express'
    at Function.Module._resolveFilename (module.js:325:15)
    at Function.Module._load (module.js:276:25)
    at Function._load (/opt/nodejs/4.4.7/lib/node_modules/pm2/node_modules/pmx/lib/transaction.js:62:21)
    at Module.require (module.js:353:17)
    at require (internal/module.js:12:17)
    at Object.<anonymous> (/home/magicraft/apps_nodejs/index.js:1:73)
    at Module._compile (module.js:409:26)
    at Object.Module._extensions..js (module.js:416:10)
    at Module.load (module.js:343:32)
    at Function.Module._load (module.js:300:12)
Error: Cannot find module 'express'
    at Function.Module._resolveFilename (module.js:325:15)
    at Function.Module._load (module.js:276:25)
    at Function._load (/opt/nodejs/4.4.7/lib/node_modules/pm2/node_modules/pmx/lib/transaction.js:62:21)
    at Module.require (module.js:353:17)
    at require (internal/module.js:12:17)
    at Object.<anonymous> (/home/magicraft/apps_nodejs/index.js:1:73)
    at Module._compile (module.js:409:26)
    at Object.Module._extensions..js (module.js:416:10)
    at Module.load (module.js:343:32)
    at Function.Module._load (module.js:300:12)
Error: Cannot find module 'express'
    at Function.Module._resolveFilename (module.js:325:15)
    at Function.Module._load (module.js:276:25)
    at Function._load (/opt/nodejs/4.4.7/lib/node_modules/pm2/node_modules/pmx/lib/transaction.js:62:21)
    at Module.require (module.js:353:17)
    at require (internal/module.js:12:17)
    at Object.<anonymous> (/home/magicraft/apps_nodejs/index.js:1:73)
    at Module._compile (module.js:409:26)
    at Object.Module._extensions..js (module.js:416:10)
    at Module.load (module.js:343:32)
    at Function.Module._load (module.js:300:12)
Error: Cannot find module 'express'
    at Function.Module._resolveFilename (module.js:325:15)
    at Function.Module._load (module.js:276:25)
    at Function._load (/opt/nodejs/4.4.7/lib/node_modules/pm2/node_modules/pmx/lib/transaction.js:62:21)
    at Module.require (module.js:353:17)
    at require (internal/module.js:12:17)
    at Object.<anonymous> (/home/magicraft/apps_nodejs/index.js:1:73)
    at Module._compile (module.js:409:26)
    at Object.Module._extensions..js (module.js:416:10)
    at Module.load (module.js:343:32)
    at Function.Module._load (module.js:300:12)
Error: Cannot find module 'express'
    at Function.Module._resolveFilename (module.js:325:15)
    at Function.Module._load (module.js:276:25)
    at Function._load (/opt/nodejs/4.4.7/lib/node_modules/pm2/node_modules/pmx/lib/transaction.js:62:21)
    at Module.require (module.js:353:17)
    at require (internal/module.js:12:17)
    at Object.<anonymous> (/home/magicraft/apps_nodejs/index.js:1:73)
    at Module._compile (module.js:409:26)
    at Object.Module._extensions..js (module.js:416:10)
    at Module.load (module.js:343:32)
    at Function.Module._load (module.js:300:12)
Error: Cannot find module 'express'
    at Function.Module._resolveFilename (module.js:325:15)
    at Function.Module._load (module.js:276:25)
    at Function._load (/opt/nodejs/4.4.7/lib/node_modules/pm2/node_modules/pmx/lib/transaction.js:62:21)
    at Module.require (module.js:353:17)
    at require (internal/module.js:12:17)
    at Object.<anonymous> (/home/magicraft/apps_nodejs/index.js:1:73)
    at Module._compile (module.js:409:26)
    at Object.Module._extensions..js (module.js:416:10)
    at Module.load (module.js:343:32)
    at Function.Module._load (module.js:300:12)
Error: Cannot find module 'express'
    at Function.Module._resolveFilename (module.js:325:15)
    at Function.Module._load (module.js:276:25)
    at Function._load (/opt/nodejs/4.4.7/lib/node_modules/pm2/node_modules/pmx/lib/transaction.js:62:21)
    at Module.require (module.js:353:17)
    at require (internal/module.js:12:17)
    at Object.<anonymous> (/home/magicraft/apps_nodejs/index.js:1:73)
    at Module._compile (module.js:409:26)
    at Object.Module._extensions..js (module.js:416:10)
    at Module.load (module.js:343:32)
    at Function.Module._load (module.js:300:12)
Error: Cannot find module './lib/express'
    at Function.Module._resolveFilename (module.js:325:15)
    at Function.Module._load (module.js:276:25)
    at Function._load (/opt/nodejs/4.4.7/lib/node_modules/pm2/node_modules/pmx/lib/transaction.js:62:21)
    at Module.require (module.js:353:17)
    at require (internal/module.js:12:17)
    at Object.<anonymous> (/home/magicraft/apps_nodejs/node_modules/express/index.js:11:18)
    at Module._compile (module.js:409:26)
    at Object.Module._extensions..js (module.js:416:10)
    at Module.load (module.js:343:32)
    at Function.Module._load (module.js:300:12)
Error: Cannot find module './lib/express'
    at Function.Module._resolveFilename (module.js:325:15)
    at Function.Module._load (module.js:276:25)
    at Function._load (/opt/nodejs/4.4.7/lib/node_modules/pm2/node_modules/pmx/lib/transaction.js:62:21)
    at Module.require (module.js:353:17)
    at require (internal/module.js:12:17)
    at Object.<anonymous> (/home/magicraft/apps_nodejs/node_modules/express/index.js:11:18)
    at Module._compile (module.js:409:26)
    at Object.Module._extensions..js (module.js:416:10)
    at Module.load (module.js:343:32)
    at Function.Module._load (module.js:300:12)
Error: Cannot find module './lib/express'
    at Function.Module._resolveFilename (module.js:325:15)
    at Function.Module._load (module.js:276:25)
    at Function._load (/opt/nodejs/4.4.7/lib/node_modules/pm2/node_modules/pmx/lib/transaction.js:62:21)
    at Module.require (module.js:353:17)
    at require (internal/module.js:12:17)
    at Object.<anonymous> (/home/magicraft/apps_nodejs/node_modules/express/index.js:11:18)
    at Module._compile (module.js:409:26)
    at Object.Module._extensions..js (module.js:416:10)
    at Module.load (module.js:343:32)
    at Function.Module._load (module.js:300:12)
Error: Cannot find module './lib/express'
    at Function.Module._resolveFilename (module.js:325:15)
    at Function.Module._load (module.js:276:25)
    at Function._load (/opt/nodejs/4.4.7/lib/node_modules/pm2/node_modules/pmx/lib/transaction.js:62:21)
    at Module.require (module.js:353:17)
    at require (internal/module.js:12:17)
    at Object.<anonymous> (/home/magicraft/apps_nodejs/node_modules/express/index.js:11:18)
    at Module._compile (module.js:409:26)
    at Object.Module._extensions..js (module.js:416:10)
    at Module.load (module.js:343:32)
    at Function.Module._load (module.js:300:12)
Error: Cannot find module 'merge-descriptors'
    at Function.Module._resolveFilename (module.js:325:15)
    at Function.Module._load (module.js:276:25)
    at Function._load (/opt/nodejs/4.4.7/lib/node_modules/pm2/node_modules/pmx/lib/transaction.js:62:21)
    at Module.require (module.js:353:17)
    at require (internal/module.js:12:17)
    at Object.<anonymous> (/home/magicraft/apps_nodejs/node_modules/express/lib/express.js:16:13)
    at Module._compile (module.js:409:26)
    at Object.Module._extensions..js (module.js:416:10)
    at Module.load (module.js:343:32)
    at Function.Module._load (module.js:300:12)
Error: Cannot find module 'merge-descriptors'
    at Function.Module._resolveFilename (module.js:325:15)
    at Function.Module._load (module.js:276:25)
    at Function._load (/opt/nodejs/4.4.7/lib/node_modules/pm2/node_modules/pmx/lib/transaction.js:62:21)
    at Module.require (module.js:353:17)
    at require (internal/module.js:12:17)
    at Object.<anonymous> (/home/magicraft/apps_nodejs/node_modules/express/lib/express.js:16:13)
    at Module._compile (module.js:409:26)
    at Object.Module._extensions..js (module.js:416:10)
    at Module.load (module.js:343:32)
    at Function.Module._load (module.js:300:12)
Error: Cannot find module 'merge-descriptors'
    at Function.Module._resolveFilename (module.js:325:15)
    at Function.Module._load (module.js:276:25)
    at Function._load (/opt/nodejs/4.4.7/lib/node_modules/pm2/node_modules/pmx/lib/transaction.js:62:21)
    at Module.require (module.js:353:17)
    at require (internal/module.js:12:17)
    at Object.<anonymous> (/home/magicraft/apps_nodejs/node_modules/express/lib/express.js:16:13)
    at Module._compile (module.js:409:26)
    at Object.Module._extensions..js (module.js:416:10)
    at Module.load (module.js:343:32)
    at Function.Module._load (module.js:300:12)
Error: Cannot find module 'merge-descriptors'
    at Function.Module._resolveFilename (module.js:325:15)
    at Function.Module._load (module.js:276:25)
    at Function._load (/opt/nodejs/4.4.7/lib/node_modules/pm2/node_modules/pmx/lib/transaction.js:62:21)
    at Module.require (module.js:353:17)
    at require (internal/module.js:12:17)
    at Object.<anonymous> (/home/magicraft/apps_nodejs/node_modules/express/lib/express.js:16:13)
    at Module._compile (module.js:409:26)
    at Object.Module._extensions..js (module.js:416:10)
    at Module.load (module.js:343:32)
    at Function.Module._load (module.js:300:12)
Error: Cannot find module 'merge-descriptors'
    at Function.Module._resolveFilename (module.js:325:15)
    at Function.Module._load (module.js:276:25)
    at Function._load (/opt/nodejs/4.4.7/lib/node_modules/pm2/node_modules/pmx/lib/transaction.js:62:21)
    at Module.require (module.js:353:17)
    at require (internal/module.js:12:17)
    at Object.<anonymous> (/home/magicraft/apps_nodejs/node_modules/express/lib/express.js:16:13)
    at Module._compile (module.js:409:26)
    at Object.Module._extensions..js (module.js:416:10)
    at Module.load (module.js:343:32)
    at Function.Module._load (module.js:300:12)
Error: Cannot find module 'merge-descriptors'
    at Function.Module._resolveFilename (module.js:325:15)
    at Function.Module._load (module.js:276:25)
    at Function._load (/opt/nodejs/4.4.7/lib/node_modules/pm2/node_modules/pmx/lib/transaction.js:62:21)
    at Module.require (module.js:353:17)
    at require (internal/module.js:12:17)
    at Object.<anonymous> (/home/magicraft/apps_nodejs/node_modules/express/lib/express.js:16:13)
    at Module._compile (module.js:409:26)
    at Object.Module._extensions..js (module.js:416:10)
    at Module.load (module.js:343:32)
    at Function.Module._load (module.js:300:12)
Error: Cannot find module 'merge-descriptors'
    at Function.Module._resolveFilename (module.js:325:15)
    at Function.Module._load (module.js:276:25)
    at Function._load (/opt/nodejs/4.4.7/lib/node_modules/pm2/node_modules/pmx/lib/transaction.js:62:21)
    at Module.require (module.js:353:17)
    at require (internal/module.js:12:17)
    at Object.<anonymous> (/home/magicraft/apps_nodejs/node_modules/express/lib/express.js:16:13)
    at Module._compile (module.js:409:26)
    at Object.Module._extensions..js (module.js:416:10)
    at Module.load (module.js:343:32)
    at Function.Module._load (module.js:300:12)
Error: Cannot find module 'merge-descriptors'
    at Function.Module._resolveFilename (module.js:325:15)
    at Function.Module._load (module.js:276:25)
    at Function._load (/opt/nodejs/4.4.7/lib/node_modules/pm2/node_modules/pmx/lib/transaction.js:62:21)
    at Module.require (module.js:353:17)
    at require (internal/module.js:12:17)
    at Object.<anonymous> (/home/magicraft/apps_nodejs/node_modules/express/lib/express.js:16:13)
    at Module._compile (module.js:409:26)
    at Object.Module._extensions..js (module.js:416:10)
    at Module.load (module.js:343:32)
    at Function.Module._load (module.js:300:12)
Error: Cannot find module 'merge-descriptors'
    at Function.Module._resolveFilename (module.js:325:15)
    at Function.Module._load (module.js:276:25)
    at Function._load (/opt/nodejs/4.4.7/lib/node_modules/pm2/node_modules/pmx/lib/transaction.js:62:21)
    at Module.require (module.js:353:17)
    at require (internal/module.js:12:17)
    at Object.<anonymous> (/home/magicraft/apps_nodejs/node_modules/express/lib/express.js:16:13)
    at Module._compile (module.js:409:26)
    at Object.Module._extensions..js (module.js:416:10)
    at Module.load (module.js:343:32)
    at Function.Module._load (module.js:300:12)
Error: Cannot find module 'merge-descriptors'
    at Function.Module._resolveFilename (module.js:325:15)
    at Function.Module._load (module.js:276:25)
    at Function._load (/opt/nodejs/4.4.7/lib/node_modules/pm2/node_modules/pmx/lib/transaction.js:62:21)
    at Module.require (module.js:353:17)
    at require (internal/module.js:12:17)
    at Object.<anonymous> (/home/magicraft/apps_nodejs/node_modules/express/lib/express.js:16:13)
    at Module._compile (module.js:409:26)
    at Object.Module._extensions..js (module.js:416:10)
    at Module.load (module.js:343:32)
    at Function.Module._load (module.js:300:12)
Error: Cannot find module 'merge-descriptors'
    at Function.Module._resolveFilename (module.js:325:15)
    at Function.Module._load (module.js:276:25)
    at Function._load (/opt/nodejs/4.4.7/lib/node_modules/pm2/node_modules/pmx/lib/transaction.js:62:21)
    at Module.require (module.js:353:17)
    at require (internal/module.js:12:17)
    at Object.<anonymous> (/home/magicraft/apps_nodejs/node_modules/express/lib/express.js:16:13)
    at Module._compile (module.js:409:26)
    at Object.Module._extensions..js (module.js:416:10)
    at Module.load (module.js:343:32)
    at Function.Module._load (module.js:300:12)
Error: Cannot find module 'merge-descriptors'
    at Function.Module._resolveFilename (module.js:325:15)
    at Function.Module._load (module.js:276:25)
    at Function._load (/opt/nodejs/4.4.7/lib/node_modules/pm2/node_modules/pmx/lib/transaction.js:62:21)
    at Module.require (module.js:353:17)
    at require (internal/module.js:12:17)
    at Object.<anonymous> (/home/magicraft/apps_nodejs/node_modules/express/lib/express.js:16:13)
    at Module._compile (module.js:409:26)
    at Object.Module._extensions..js (module.js:416:10)
    at Module.load (module.js:343:32)
    at Function.Module._load (module.js:300:12)
Error: Cannot find module 'merge-descriptors'
    at Function.Module._resolveFilename (module.js:325:15)
    at Function.Module._load (module.js:276:25)
    at Function._load (/opt/nodejs/4.4.7/lib/node_modules/pm2/node_modules/pmx/lib/transaction.js:62:21)
    at Module.require (module.js:353:17)
    at require (internal/module.js:12:17)
    at Object.<anonymous> (/home/magicraft/apps_nodejs/node_modules/express/lib/express.js:16:13)
    at Module._compile (module.js:409:26)
    at Object.Module._extensions..js (module.js:416:10)
    at Module.load (module.js:343:32)
    at Function.Module._load (module.js:300:12)
Error: Cannot find module 'merge-descriptors'
    at Function.Module._resolveFilename (module.js:325:15)
    at Function.Module._load (module.js:276:25)
    at Function._load (/opt/nodejs/4.4.7/lib/node_modules/pm2/node_modules/pmx/lib/transaction.js:62:21)
    at Module.require (module.js:353:17)
    at require (internal/module.js:12:17)
    at Object.<anonymous> (/home/magicraft/apps_nodejs/node_modules/express/lib/express.js:16:13)
    at Module._compile (module.js:409:26)
    at Object.Module._extensions..js (module.js:416:10)
    at Module.load (module.js:343:32)
    at Function.Module._load (module.js:300:12)
Error: Cannot find module 'merge-descriptors'
    at Function.Module._resolveFilename (module.js:325:15)
    at Function.Module._load (module.js:276:25)
    at Function._load (/opt/nodejs/4.4.7/lib/node_modules/pm2/node_modules/pmx/lib/transaction.js:62:21)
    at Module.require (module.js:353:17)
    at require (internal/module.js:12:17)
    at Object.<anonymous> (/home/magicraft/apps_nodejs/node_modules/express/lib/express.js:16:13)
    at Module._compile (module.js:409:26)
    at Object.Module._extensions..js (module.js:416:10)
    at Module.load (module.js:343:32)
    at Function.Module._load (module.js:300:12)
Error: Cannot find module 'merge-descriptors'
    at Function.Module._resolveFilename (module.js:325:15)
    at Function.Module._load (module.js:276:25)
    at Function._load (/opt/nodejs/4.4.7/lib/node_modules/pm2/node_modules/pmx/lib/transaction.js:62:21)
    at Module.require (module.js:353:17)
    at require (internal/module.js:12:17)
    at Object.<anonymous> (/home/magicraft/apps_nodejs/node_modules/express/lib/express.js:16:13)
    at Module._compile (module.js:409:26)
    at Object.Module._extensions..js (module.js:416:10)
    at Module.load (module.js:343:32)
    at Function.Module._load (module.js:300:12)
Error: Cannot find module 'merge-descriptors'
    at Function.Module._resolveFilename (module.js:325:15)
    at Function.Module._load (module.js:276:25)
    at Function._load (/opt/nodejs/4.4.7/lib/node_modules/pm2/node_modules/pmx/lib/transaction.js:62:21)
    at Module.require (module.js:353:17)
    at require (internal/module.js:12:17)
    at Object.<anonymous> (/home/magicraft/apps_nodejs/node_modules/express/lib/express.js:16:13)
    at Module._compile (module.js:409:26)
    at Object.Module._extensions..js (module.js:416:10)
    at Module.load (module.js:343:32)
    at Function.Module._load (module.js:300:12)
Error: Cannot find module 'merge-descriptors'
    at Function.Module._resolveFilename (module.js:325:15)
    at Function.Module._load (module.js:276:25)
    at Function._load (/opt/nodejs/4.4.7/lib/node_modules/pm2/node_modules/pmx/lib/transaction.js:62:21)
    at Module.require (module.js:353:17)
    at require (internal/module.js:12:17)
    at Object.<anonymous> (/home/magicraft/apps_nodejs/node_modules/express/lib/express.js:16:13)
    at Module._compile (module.js:409:26)
    at Object.Module._extensions..js (module.js:416:10)
    at Module.load (module.js:343:32)
    at Function.Module._load (module.js:300:12)
Error: Cannot find module 'merge-descriptors'
    at Function.Module._resolveFilename (module.js:325:15)
    at Function.Module._load (module.js:276:25)
    at Function._load (/opt/nodejs/4.4.7/lib/node_modules/pm2/node_modules/pmx/lib/transaction.js:62:21)
    at Module.require (module.js:353:17)
    at require (internal/module.js:12:17)
    at Object.<anonymous> (/home/magicraft/apps_nodejs/node_modules/express/lib/express.js:16:13)
    at Module._compile (module.js:409:26)
    at Object.Module._extensions..js (module.js:416:10)
    at Module.load (module.js:343:32)
    at Function.Module._load (module.js:300:12)
